<?xml version="1.0" encoding="UTF-8"?>
<coverage generated="1772587969972" clover="3.2.0">
  <project timestamp="1772587969972" name="All files">
    <metrics statements="301" coveredstatements="300" conditionals="296" coveredconditionals="280" methods="88" coveredmethods="84" elements="685" coveredelements="664" complexity="0" loc="301" ncloc="301" packages="4" files="7" classes="7"/>
    <package name="app">
      <metrics statements="103" coveredstatements="102" conditionals="65" coveredconditionals="60" methods="30" coveredmethods="29"/>
      <file name="page.tsx" path="/Users/edycu/.gemini/antigravity/playground/static-corona/frontend/src/app/page.tsx">
        <metrics statements="103" coveredstatements="102" conditionals="65" coveredconditionals="60" methods="30" coveredmethods="29"/>
        <line num="21" count="1" type="stmt"/>
        <line num="55" count="1" type="stmt"/>
        <line num="85" count="167" type="stmt"/>
        <line num="86" count="167" type="stmt"/>
        <line num="87" count="167" type="stmt"/>
        <line num="88" count="167" type="stmt"/>
        <line num="89" count="167" type="stmt"/>
        <line num="92" count="167" type="stmt"/>
        <line num="94" count="167" type="stmt"/>
        <line num="97" count="167" type="stmt"/>
        <line num="100" count="167" type="stmt"/>
        <line num="101" count="167" type="stmt"/>
        <line num="102" count="167" type="stmt"/>
        <line num="105" count="167" type="stmt"/>
        <line num="108" count="167" type="stmt"/>
        <line num="109" count="167" type="stmt"/>
        <line num="112" count="167" type="stmt"/>
        <line num="113" count="20" type="stmt"/>
        <line num="114" count="20" type="stmt"/>
        <line num="115" count="20" type="stmt"/>
        <line num="116" count="20" type="stmt"/>
        <line num="121" count="20" type="stmt"/>
        <line num="122" count="20" type="stmt"/>
        <line num="123" count="20" type="stmt"/>
        <line num="127" count="167" type="stmt"/>
        <line num="128" count="52" type="cond" truecount="6" falsecount="0"/>
        <line num="134" count="5" type="cond" truecount="4" falsecount="0"/>
        <line num="139" count="5" type="stmt"/>
        <line num="145" count="52" type="stmt"/>
        <line num="149" count="167" type="stmt"/>
        <line num="150" count="17" type="cond" truecount="2" falsecount="0"/>
        <line num="151" count="17" type="cond" truecount="2" falsecount="0"/>
        <line num="153" count="16" type="stmt"/>
        <line num="154" count="16" type="stmt"/>
        <line num="155" count="16" type="stmt"/>
        <line num="156" count="16" type="stmt"/>
        <line num="157" count="16" type="stmt"/>
        <line num="158" count="16" type="stmt"/>
        <line num="159" count="16" type="stmt"/>
        <line num="161" count="16" type="stmt"/>
        <line num="162" count="16" type="stmt"/>
        <line num="163" count="15" type="stmt"/>
        <line num="165" count="15" type="cond" truecount="2" falsecount="0"/>
        <line num="166" count="1" type="stmt"/>
        <line num="167" count="1" type="stmt"/>
        <line num="168" count="1" type="stmt"/>
        <line num="169" count="1" type="stmt"/>
        <line num="173" count="14" type="stmt"/>
        <line num="175" count="2" type="stmt"/>
        <line num="177" count="5" type="stmt"/>
        <line num="178" count="5" type="stmt"/>
        <line num="181" count="1" type="stmt"/>
        <line num="182" count="1" type="stmt"/>
        <line num="183" count="1" type="stmt"/>
        <line num="186" count="1" type="stmt"/>
        <line num="187" count="1" type="stmt"/>
        <line num="190" count="2" type="stmt"/>
        <line num="191" count="2" type="stmt"/>
        <line num="192" count="2" type="stmt"/>
        <line num="196" count="1" type="stmt"/>
        <line num="197" count="1" type="stmt"/>
        <line num="202" count="167" type="stmt"/>
        <line num="203" count="2" type="cond" truecount="1" falsecount="1"/>
        <line num="204" count="2" type="stmt"/>
        <line num="205" count="2" type="stmt"/>
        <line num="206" count="2" type="stmt"/>
        <line num="207" count="1" type="stmt"/>
        <line num="208" count="1" type="cond" truecount="1" falsecount="1"/>
        <line num="209" count="2" type="stmt"/>
        <line num="210" count="2" type="stmt"/>
        <line num="212" count="1" type="stmt"/>
        <line num="214" count="2" type="stmt"/>
        <line num="218" count="167" type="stmt"/>
        <line num="219" count="2" type="cond" truecount="1" falsecount="1"/>
        <line num="220" count="2" type="stmt"/>
        <line num="221" count="2" type="stmt"/>
        <line num="222" count="2" type="stmt"/>
        <line num="223" count="1" type="stmt"/>
        <line num="224" count="1" type="cond" truecount="1" falsecount="1"/>
        <line num="225" count="2" type="stmt"/>
        <line num="226" count="2" type="stmt"/>
        <line num="228" count="1" type="stmt"/>
        <line num="230" count="2" type="stmt"/>
        <line num="236" count="167" type="stmt"/>
        <line num="238" count="1" type="stmt"/>
        <line num="242" count="1" type="stmt"/>
        <line num="243" count="1" type="stmt"/>
        <line num="244" count="1" type="stmt"/>
        <line num="245" count="1" type="stmt"/>
        <line num="248" count="167" type="stmt"/>
        <line num="297" count="1" type="stmt"/>
        <line num="308" count="1" type="stmt"/>
        <line num="321" count="1001" type="stmt"/>
        <line num="324" count="10" type="stmt"/>
        <line num="325" count="10" type="stmt"/>
        <line num="348" count="83" type="stmt"/>
        <line num="350" count="85" type="cond" truecount="4" falsecount="0"/>
        <line num="351" count="2" type="stmt"/>
        <line num="352" count="2" type="stmt"/>
        <line num="367" count="4" type="stmt"/>
        <line num="401" count="3" type="stmt"/>
        <line num="403" count="1" type="stmt"/>
        <line num="448" count="0" type="stmt"/>
      </file>
    </package>
    <package name="components">
      <metrics statements="133" coveredstatements="133" conditionals="203" coveredconditionals="193" methods="39" coveredmethods="36"/>
      <file name="ApprovalModal.tsx" path="/Users/edycu/.gemini/antigravity/playground/static-corona/frontend/src/components/ApprovalModal.tsx">
        <metrics statements="25" coveredstatements="25" conditionals="32" coveredconditionals="32" methods="7" coveredmethods="7"/>
        <line num="14" count="39" type="stmt"/>
        <line num="16" count="39" type="stmt"/>
        <line num="17" count="8" type="stmt"/>
        <line num="18" count="8" type="stmt"/>
        <line num="21" count="39" type="stmt"/>
        <line num="22" count="39" type="cond" truecount="7" falsecount="0"/>
        <line num="23" count="22" type="stmt"/>
        <line num="24" count="2" type="stmt"/>
        <line num="25" count="2" type="stmt"/>
        <line num="26" count="2" type="stmt"/>
        <line num="27" count="7" type="stmt"/>
        <line num="28" count="2" type="stmt"/>
        <line num="29" count="2" type="stmt"/>
        <line num="33" count="39" type="stmt"/>
        <line num="34" count="39" type="cond" truecount="7" falsecount="0"/>
        <line num="35" count="22" type="stmt"/>
        <line num="36" count="2" type="stmt"/>
        <line num="37" count="2" type="stmt"/>
        <line num="38" count="2" type="stmt"/>
        <line num="39" count="7" type="stmt"/>
        <line num="40" count="2" type="stmt"/>
        <line num="41" count="2" type="stmt"/>
        <line num="45" count="39" type="stmt"/>
        <line num="112" count="3" type="stmt"/>
        <line num="119" count="5" type="stmt"/>
      </file>
      <file name="MetricsPanel.tsx" path="/Users/edycu/.gemini/antigravity/playground/static-corona/frontend/src/components/MetricsPanel.tsx">
        <metrics statements="63" coveredstatements="63" conditionals="94" coveredconditionals="84" methods="18" coveredmethods="15"/>
        <line num="12" count="2" type="stmt"/>
        <line num="20" count="14" type="stmt"/>
        <line num="21" count="14" type="stmt"/>
        <line num="22" count="14" type="cond" truecount="2" falsecount="0"/>
        <line num="23" count="2" type="cond" truecount="1" falsecount="1"/>
        <line num="24" count="2" type="stmt"/>
        <line num="25" count="2" type="cond" truecount="2" falsecount="0"/>
        <line num="26" count="1" type="stmt"/>
        <line num="27" count="1" type="stmt"/>
        <line num="31" count="18" type="cond" truecount="2" falsecount="0"/>
        <line num="32" count="18" type="cond" truecount="1" falsecount="1"/>
        <line num="36" count="204" type="stmt"/>
        <line num="37" count="204" type="stmt"/>
        <line num="38" count="204" type="stmt"/>
        <line num="39" count="204" type="stmt"/>
        <line num="42" count="204" type="stmt"/>
        <line num="43" count="204" type="stmt"/>
        <line num="44" count="204" type="stmt"/>
        <line num="45" count="204" type="stmt"/>
        <line num="47" count="204" type="stmt"/>
        <line num="48" count="37" type="stmt"/>
        <line num="52" count="204" type="cond" truecount="2" falsecount="0"/>
        <line num="53" count="70" type="stmt"/>
        <line num="56" count="204" type="stmt"/>
        <line num="57" count="2" type="stmt"/>
        <line num="58" count="2" type="stmt"/>
        <line num="59" count="2" type="stmt"/>
        <line num="60" count="2" type="stmt"/>
        <line num="61" count="1" type="stmt"/>
        <line num="62" count="1" type="stmt"/>
        <line num="63" count="2" type="stmt"/>
        <line num="65" count="1" type="stmt"/>
        <line num="66" count="1" type="stmt"/>
        <line num="68" count="2" type="stmt"/>
        <line num="72" count="204" type="stmt"/>
        <line num="73" count="4" type="cond" truecount="2" falsecount="0"/>
        <line num="74" count="1" type="stmt"/>
        <line num="75" count="1" type="stmt"/>
        <line num="76" count="1" type="stmt"/>
        <line num="78" count="3" type="stmt"/>
        <line num="79" count="3" type="stmt"/>
        <line num="80" count="3" type="stmt"/>
        <line num="81" count="3" type="stmt"/>
        <line num="82" count="2" type="cond" truecount="1" falsecount="1"/>
        <line num="84" count="1" type="stmt"/>
        <line num="86" count="3" type="stmt"/>
        <line num="91" count="204" type="cond" truecount="2" falsecount="0"/>
        <line num="92" count="17" type="stmt"/>
        <line num="94" count="204" type="cond" truecount="2" falsecount="0"/>
        <line num="95" count="204" type="cond" truecount="2" falsecount="0"/>
        <line num="96" count="204" type="cond" truecount="2" falsecount="0"/>
        <line num="98" count="204" type="stmt"/>
        <line num="212" count="70" type="stmt"/>
        <line num="213" count="70" type="cond" truecount="1" falsecount="2"/>
        <line num="214" count="70" type="stmt"/>
        <line num="271" count="588" type="stmt"/>
        <line num="272" count="588" type="cond" truecount="2" falsecount="0"/>
        <line num="273" count="17" type="stmt"/>
        <line num="274" count="17" type="stmt"/>
        <line num="277" count="4" type="stmt"/>
        <line num="318" count="12" type="stmt"/>
        <line num="330" count="3" type="stmt"/>
        <line num="336" count="18" type="stmt"/>
      </file>
      <file name="ThoughtStream.tsx" path="/Users/edycu/.gemini/antigravity/playground/static-corona/frontend/src/components/ThoughtStream.tsx">
        <metrics statements="32" coveredstatements="32" conditionals="59" coveredconditionals="59" methods="7" coveredmethods="7"/>
        <line num="11" count="2" type="stmt"/>
        <line num="18" count="2" type="stmt"/>
        <line num="26" count="2" type="stmt"/>
        <line num="56" count="43" type="stmt"/>
        <line num="57" count="911" type="cond" truecount="2" falsecount="0"/>
        <line num="58" count="10" type="stmt"/>
        <line num="61" count="33" type="stmt"/>
        <line num="65" count="45" type="stmt"/>
        <line num="66" count="45" type="stmt"/>
        <line num="67" count="45" type="cond" truecount="4" falsecount="0"/>
        <line num="68" count="12" type="stmt"/>
        <line num="70" count="33" type="stmt"/>
        <line num="74" count="191" type="stmt"/>
        <line num="76" count="191" type="stmt"/>
        <line num="77" count="45" type="cond" truecount="2" falsecount="0"/>
        <line num="78" count="35" type="cond" truecount="2" falsecount="0"/>
        <line num="79" count="24" type="cond" truecount="2" falsecount="0"/>
        <line num="80" count="22" type="cond" truecount="2" falsecount="0"/>
        <line num="81" count="20" type="stmt"/>
        <line num="84" count="191" type="stmt"/>
        <line num="85" count="45" type="cond" truecount="2" falsecount="0"/>
        <line num="86" count="35" type="cond" truecount="2" falsecount="0"/>
        <line num="87" count="24" type="cond" truecount="2" falsecount="0"/>
        <line num="88" count="22" type="cond" truecount="2" falsecount="0"/>
        <line num="89" count="20" type="stmt"/>
        <line num="92" count="191" type="stmt"/>
        <line num="109" count="2" type="stmt"/>
        <line num="148" count="45" type="stmt"/>
        <line num="149" count="45" type="cond" truecount="2" falsecount="0"/>
        <line num="150" count="45" type="cond" truecount="2" falsecount="0"/>
        <line num="151" count="45" type="cond" truecount="2" falsecount="0"/>
        <line num="153" count="45" type="stmt"/>
      </file>
      <file name="TicketHistory.tsx" path="/Users/edycu/.gemini/antigravity/playground/static-corona/frontend/src/components/TicketHistory.tsx">
        <metrics statements="13" coveredstatements="13" conditionals="18" coveredconditionals="18" methods="7" coveredmethods="7"/>
        <line num="13" count="449" type="stmt"/>
        <line num="14" count="449" type="cond" truecount="2" falsecount="0"/>
        <line num="15" count="16" type="cond" truecount="2" falsecount="0"/>
        <line num="16" count="15" type="cond" truecount="2" falsecount="0"/>
        <line num="17" count="1" type="stmt"/>
        <line num="21" count="187" type="stmt"/>
        <line num="23" count="187" type="cond" truecount="2" falsecount="0"/>
        <line num="25" count="125" type="stmt"/>
        <line num="29" count="7" type="stmt"/>
        <line num="55" count="1" type="stmt"/>
        <line num="56" count="1" type="stmt"/>
        <line num="96" count="449" type="stmt"/>
        <line num="98" count="1" type="stmt"/>
      </file>
    </package>
    <package name="hooks">
      <metrics statements="22" coveredstatements="22" conditionals="4" coveredconditionals="3" methods="7" coveredmethods="7"/>
      <file name="useTicketHistory.ts" path="/Users/edycu/.gemini/antigravity/playground/static-corona/frontend/src/hooks/useTicketHistory.ts">
        <metrics statements="22" coveredstatements="22" conditionals="4" coveredconditionals="3" methods="7" coveredmethods="7"/>
        <line num="12" count="2" type="stmt"/>
        <line num="13" count="2" type="stmt"/>
        <line num="16" count="30" type="cond" truecount="1" falsecount="1"/>
        <line num="17" count="30" type="stmt"/>
        <line num="18" count="30" type="stmt"/>
        <line num="19" count="30" type="cond" truecount="2" falsecount="0"/>
        <line num="21" count="1" type="stmt"/>
        <line num="26" count="24" type="stmt"/>
        <line num="27" count="24" type="stmt"/>
        <line num="34" count="197" type="stmt"/>
        <line num="37" count="197" type="stmt"/>
        <line num="38" count="30" type="stmt"/>
        <line num="41" count="197" type="stmt"/>
        <line num="43" count="24" type="stmt"/>
        <line num="44" count="24" type="stmt"/>
        <line num="48" count="24" type="stmt"/>
        <line num="49" count="24" type="stmt"/>
        <line num="55" count="197" type="stmt"/>
        <line num="56" count="2" type="stmt"/>
        <line num="57" count="2" type="stmt"/>
        <line num="58" count="2" type="stmt"/>
        <line num="64" count="197" type="stmt"/>
      </file>
    </package>
    <package name="lib">
      <metrics statements="43" coveredstatements="43" conditionals="24" coveredconditionals="24" methods="12" coveredmethods="12"/>
      <file name="api.ts" path="/Users/edycu/.gemini/antigravity/playground/static-corona/frontend/src/lib/api.ts">
        <metrics statements="43" coveredstatements="43" conditionals="24" coveredconditionals="24" methods="12" coveredmethods="12"/>
        <line num="5" count="2" type="cond" truecount="2" falsecount="0"/>
        <line num="76" count="2" type="stmt"/>
        <line num="81" count="2" type="cond" truecount="2" falsecount="0"/>
        <line num="82" count="1" type="stmt"/>
        <line num="87" count="2" type="stmt"/>
        <line num="88" count="2" type="cond" truecount="2" falsecount="0"/>
        <line num="89" count="1" type="stmt"/>
        <line num="98" count="3" type="stmt"/>
        <line num="103" count="3" type="cond" truecount="2" falsecount="0"/>
        <line num="104" count="2" type="stmt"/>
        <line num="109" count="2" type="stmt"/>
        <line num="110" count="2" type="cond" truecount="2" falsecount="0"/>
        <line num="111" count="1" type="stmt"/>
        <line num="116" count="2" type="stmt"/>
        <line num="117" count="2" type="cond" truecount="2" falsecount="0"/>
        <line num="118" count="1" type="stmt"/>
        <line num="131" count="2" type="stmt"/>
        <line num="132" count="2" type="cond" truecount="2" falsecount="0"/>
        <line num="133" count="1" type="stmt"/>
        <line num="138" count="2" type="stmt"/>
        <line num="139" count="2" type="cond" truecount="2" falsecount="0"/>
        <line num="140" count="1" type="stmt"/>
        <line num="152" count="5" type="stmt"/>
        <line num="154" count="5" type="stmt"/>
        <line num="155" count="1" type="stmt"/>
        <line num="156" count="1" type="stmt"/>
        <line num="159" count="5" type="stmt"/>
        <line num="160" count="1" type="stmt"/>
        <line num="161" count="1" type="stmt"/>
        <line num="162" count="1" type="stmt"/>
        <line num="165" count="5" type="stmt"/>
        <line num="166" count="3" type="stmt"/>
        <line num="167" count="3" type="cond" truecount="5" falsecount="0"/>
        <line num="168" count="1" type="stmt"/>
        <line num="170" count="2" type="stmt"/>
        <line num="172" count="3" type="stmt"/>
        <line num="175" count="5" type="stmt"/>
        <line num="176" count="2" type="cond" truecount="2" falsecount="0"/>
        <line num="177" count="1" type="stmt"/>
        <line num="178" count="1" type="stmt"/>
        <line num="180" count="1" type="stmt"/>
        <line num="182" count="2" type="stmt"/>
        <line num="185" count="5" type="stmt"/>
      </file>
    </package>
  </project>
</coverage>
