{"/Users/edycu/.gemini/antigravity/playground/static-corona/frontend/src/app/page.tsx": {"path":"/Users/edycu/.gemini/antigravity/playground/static-corona/frontend/src/app/page.tsx","statementMap":{"0":{"start":{"line":21,"column":21},"end":{"line":52,"column":null}},"1":{"start":{"line":55,"column":19},"end":{"line":81,"column":null}},"2":{"start":{"line":85,"column":30},"end":{"line":85,"column":null}},"3":{"start":{"line":86,"column":32},"end":{"line":86,"column":null}},"4":{"start":{"line":87,"column":32},"end":{"line":87,"column":null}},"5":{"start":{"line":88,"column":28},"end":{"line":88,"column":null}},"6":{"start":{"line":89,"column":42},"end":{"line":89,"column":null}},"7":{"start":{"line":92,"column":42},"end":{"line":92,"column":null}},"8":{"start":{"line":94,"column":46},"end":{"line":94,"column":null}},"9":{"start":{"line":97,"column":30},"end":{"line":97,"column":null}},"10":{"start":{"line":100,"column":36},"end":{"line":100,"column":null}},"11":{"start":{"line":101,"column":58},"end":{"line":101,"column":null}},"12":{"start":{"line":102,"column":46},"end":{"line":102,"column":null}},"13":{"start":{"line":105,"column":34},"end":{"line":105,"column":null}},"14":{"start":{"line":108,"column":77},"end":{"line":108,"column":null}},"15":{"start":{"line":109,"column":10},"end":{"line":109,"column":null}},"16":{"start":{"line":112,"column":4},"end":{"line":124,"column":null}},"17":{"start":{"line":113,"column":29},"end":{"line":120,"column":null}},"18":{"start":{"line":114,"column":12},"end":{"line":119,"column":null}},"19":{"start":{"line":115,"column":26},"end":{"line":115,"column":null}},"20":{"start":{"line":116,"column":16},"end":{"line":116,"column":null}},"21":{"start":{"line":121,"column":8},"end":{"line":121,"column":null}},"22":{"start":{"line":122,"column":25},"end":{"line":122,"column":null}},"23":{"start":{"line":123,"column":8},"end":{"line":123,"column":null}},"24":{"start":{"line":123,"column":21},"end":{"line":123,"column":null}},"25":{"start":{"line":127,"column":4},"end":{"line":146,"column":null}},"26":{"start":{"line":128,"column":8},"end":{"line":144,"column":null}},"27":{"start":{"line":134,"column":16},"end":{"line":138,"column":null}},"28":{"start":{"line":139,"column":12},"end":{"line":143,"column":null}},"29":{"start":{"line":145,"column":8},"end":{"line":145,"column":null}},"30":{"start":{"line":149,"column":10},"end":{"line":199,"column":null}},"31":{"start":{"line":150,"column":30},"end":{"line":150,"column":null}},"32":{"start":{"line":151,"column":8},"end":{"line":151,"column":null}},"33":{"start":{"line":151,"column":35},"end":{"line":151,"column":null}},"34":{"start":{"line":153,"column":8},"end":{"line":153,"column":null}},"35":{"start":{"line":154,"column":8},"end":{"line":154,"column":null}},"36":{"start":{"line":155,"column":8},"end":{"line":155,"column":null}},"37":{"start":{"line":156,"column":8},"end":{"line":156,"column":null}},"38":{"start":{"line":157,"column":8},"end":{"line":157,"column":null}},"39":{"start":{"line":158,"column":8},"end":{"line":158,"column":null}},"40":{"start":{"line":159,"column":8},"end":{"line":159,"column":null}},"41":{"start":{"line":161,"column":8},"end":{"line":198,"column":null}},"42":{"start":{"line":162,"column":38},"end":{"line":162,"column":null}},"43":{"start":{"line":163,"column":12},"end":{"line":163,"column":null}},"44":{"start":{"line":165,"column":12},"end":{"line":170,"column":null}},"45":{"start":{"line":166,"column":16},"end":{"line":166,"column":null}},"46":{"start":{"line":167,"column":16},"end":{"line":167,"column":null}},"47":{"start":{"line":168,"column":16},"end":{"line":168,"column":null}},"48":{"start":{"line":169,"column":16},"end":{"line":169,"column":null}},"49":{"start":{"line":173,"column":12},"end":{"line":194,"column":null}},"50":{"start":{"line":175,"column":26},"end":{"line":175,"column":null}},"51":{"start":{"line":175,"column":48},"end":{"line":175,"column":63}},"52":{"start":{"line":177,"column":20},"end":{"line":177,"column":null}},"53":{"start":{"line":178,"column":20},"end":{"line":178,"column":null}},"54":{"start":{"line":181,"column":20},"end":{"line":181,"column":null}},"55":{"start":{"line":182,"column":20},"end":{"line":182,"column":null}},"56":{"start":{"line":183,"column":20},"end":{"line":183,"column":null}},"57":{"start":{"line":186,"column":20},"end":{"line":186,"column":null}},"58":{"start":{"line":186,"column":42},"end":{"line":186,"column":72}},"59":{"start":{"line":187,"column":20},"end":{"line":187,"column":null}},"60":{"start":{"line":190,"column":20},"end":{"line":190,"column":null}},"61":{"start":{"line":191,"column":20},"end":{"line":191,"column":null}},"62":{"start":{"line":192,"column":20},"end":{"line":192,"column":null}},"63":{"start":{"line":196,"column":12},"end":{"line":196,"column":null}},"64":{"start":{"line":197,"column":12},"end":{"line":197,"column":null}},"65":{"start":{"line":202,"column":10},"end":{"line":215,"column":null}},"66":{"start":{"line":203,"column":8},"end":{"line":203,"column":null}},"67":{"start":{"line":203,"column":23},"end":{"line":203,"column":null}},"68":{"start":{"line":204,"column":8},"end":{"line":204,"column":null}},"69":{"start":{"line":205,"column":8},"end":{"line":213,"column":null}},"70":{"start":{"line":206,"column":24},"end":{"line":206,"column":null}},"71":{"start":{"line":207,"column":12},"end":{"line":207,"column":null}},"72":{"start":{"line":207,"column":34},"end":{"line":207,"column":81}},"73":{"start":{"line":208,"column":12},"end":{"line":208,"column":null}},"74":{"start":{"line":209,"column":12},"end":{"line":209,"column":null}},"75":{"start":{"line":210,"column":12},"end":{"line":210,"column":null}},"76":{"start":{"line":212,"column":12},"end":{"line":212,"column":null}},"77":{"start":{"line":212,"column":34},"end":{"line":212,"column":64}},"78":{"start":{"line":214,"column":8},"end":{"line":214,"column":null}},"79":{"start":{"line":218,"column":10},"end":{"line":231,"column":null}},"80":{"start":{"line":219,"column":8},"end":{"line":219,"column":null}},"81":{"start":{"line":219,"column":23},"end":{"line":219,"column":null}},"82":{"start":{"line":220,"column":8},"end":{"line":220,"column":null}},"83":{"start":{"line":221,"column":8},"end":{"line":229,"column":null}},"84":{"start":{"line":222,"column":24},"end":{"line":222,"column":null}},"85":{"start":{"line":223,"column":12},"end":{"line":223,"column":null}},"86":{"start":{"line":223,"column":34},"end":{"line":223,"column":73}},"87":{"start":{"line":224,"column":12},"end":{"line":224,"column":null}},"88":{"start":{"line":225,"column":12},"end":{"line":225,"column":null}},"89":{"start":{"line":226,"column":12},"end":{"line":226,"column":null}},"90":{"start":{"line":228,"column":12},"end":{"line":228,"column":null}},"91":{"start":{"line":228,"column":34},"end":{"line":228,"column":73}},"92":{"start":{"line":230,"column":8},"end":{"line":230,"column":null}},"93":{"start":{"line":236,"column":10},"end":{"line":246,"column":null}},"94":{"start":{"line":238,"column":33},"end":{"line":241,"column":null}},"95":{"start":{"line":242,"column":8},"end":{"line":242,"column":null}},"96":{"start":{"line":243,"column":8},"end":{"line":243,"column":null}},"97":{"start":{"line":244,"column":8},"end":{"line":244,"column":null}},"98":{"start":{"line":245,"column":8},"end":{"line":245,"column":null}},"99":{"start":{"line":248,"column":4},"end":{"line":472,"column":null}},"100":{"start":{"line":297,"column":47},"end":{"line":297,"column":null}},"101":{"start":{"line":308,"column":47},"end":{"line":308,"column":null}},"102":{"start":{"line":321,"column":32},"end":{"line":332,"column":null}},"103":{"start":{"line":324,"column":40},"end":{"line":324,"column":null}},"104":{"start":{"line":325,"column":40},"end":{"line":325,"column":null}},"105":{"start":{"line":348,"column":45},"end":{"line":348,"column":null}},"106":{"start":{"line":350,"column":32},"end":{"line":353,"column":null}},"107":{"start":{"line":351,"column":36},"end":{"line":351,"column":null}},"108":{"start":{"line":352,"column":36},"end":{"line":352,"column":null}},"109":{"start":{"line":367,"column":43},"end":{"line":367,"column":null}},"110":{"start":{"line":401,"column":36},"end":{"line":422,"column":null}},"111":{"start":{"line":403,"column":55},"end":{"line":403,"column":null}},"112":{"start":{"line":448,"column":20},"end":{"line":448,"column":null}},"113":{"start":{"line":448,"column":26},"end":{"line":448,"column":58}}},"fnMap":{"0":{"name":"Dashboard","decl":{"start":{"line":83,"column":24},"end":{"line":83,"column":36}},"loc":{"start":{"line":83,"column":36},"end":{"line":474,"column":null}},"line":83},"1":{"name":"(anonymous_1)","decl":{"start":{"line":112,"column":14},"end":{"line":112,"column":20}},"loc":{"start":{"line":112,"column":20},"end":{"line":124,"column":7}},"line":112},"2":{"name":"(anonymous_2)","decl":{"start":{"line":113,"column":29},"end":{"line":113,"column":41}},"loc":{"start":{"line":113,"column":41},"end":{"line":120,"column":null}},"line":113},"3":{"name":"(anonymous_3)","decl":{"start":{"line":123,"column":15},"end":{"line":123,"column":21}},"loc":{"start":{"line":123,"column":21},"end":{"line":123,"column":null}},"line":123},"4":{"name":"(anonymous_4)","decl":{"start":{"line":127,"column":14},"end":{"line":127,"column":20}},"loc":{"start":{"line":127,"column":20},"end":{"line":146,"column":7}},"line":127},"5":{"name":"(anonymous_5)","decl":{"start":{"line":149,"column":37},"end":{"line":149,"column":44}},"loc":{"start":{"line":149,"column":61},"end":{"line":199,"column":7}},"line":149},"6":{"name":"(anonymous_6)","decl":{"start":{"line":175,"column":16},"end":{"line":175,"column":17}},"loc":{"start":{"line":175,"column":26},"end":{"line":175,"column":null}},"line":175},"7":{"name":"(anonymous_7)","decl":{"start":{"line":175,"column":38},"end":{"line":175,"column":39}},"loc":{"start":{"line":175,"column":48},"end":{"line":175,"column":63}},"line":175},"8":{"name":"(anonymous_8)","decl":{"start":{"line":176,"column":16},"end":{"line":176,"column":17}},"loc":{"start":{"line":176,"column":28},"end":{"line":179,"column":null}},"line":176},"9":{"name":"(anonymous_9)","decl":{"start":{"line":180,"column":16},"end":{"line":180,"column":17}},"loc":{"start":{"line":180,"column":42},"end":{"line":184,"column":null}},"line":180},"10":{"name":"(anonymous_10)","decl":{"start":{"line":185,"column":16},"end":{"line":185,"column":17}},"loc":{"start":{"line":185,"column":27},"end":{"line":188,"column":null}},"line":185},"11":{"name":"(anonymous_11)","decl":{"start":{"line":186,"column":32},"end":{"line":186,"column":33}},"loc":{"start":{"line":186,"column":42},"end":{"line":186,"column":72}},"line":186},"12":{"name":"(anonymous_12)","decl":{"start":{"line":189,"column":16},"end":{"line":189,"column":17}},"loc":{"start":{"line":189,"column":50},"end":{"line":193,"column":null}},"line":189},"13":{"name":"(anonymous_13)","decl":{"start":{"line":202,"column":38},"end":{"line":202,"column":50}},"loc":{"start":{"line":202,"column":50},"end":{"line":215,"column":7}},"line":202},"14":{"name":"(anonymous_14)","decl":{"start":{"line":207,"column":24},"end":{"line":207,"column":25}},"loc":{"start":{"line":207,"column":34},"end":{"line":207,"column":81}},"line":207},"15":{"name":"(anonymous_15)","decl":{"start":{"line":212,"column":24},"end":{"line":212,"column":25}},"loc":{"start":{"line":212,"column":34},"end":{"line":212,"column":64}},"line":212},"16":{"name":"(anonymous_16)","decl":{"start":{"line":218,"column":35},"end":{"line":218,"column":42}},"loc":{"start":{"line":218,"column":61},"end":{"line":231,"column":7}},"line":218},"17":{"name":"(anonymous_17)","decl":{"start":{"line":223,"column":24},"end":{"line":223,"column":25}},"loc":{"start":{"line":223,"column":34},"end":{"line":223,"column":73}},"line":223},"18":{"name":"(anonymous_18)","decl":{"start":{"line":228,"column":24},"end":{"line":228,"column":25}},"loc":{"start":{"line":228,"column":34},"end":{"line":228,"column":73}},"line":228},"19":{"name":"(anonymous_19)","decl":{"start":{"line":236,"column":45},"end":{"line":236,"column":46}},"loc":{"start":{"line":236,"column":79},"end":{"line":246,"column":7}},"line":236},"20":{"name":"(anonymous_20)","decl":{"start":{"line":297,"column":41},"end":{"line":297,"column":47}},"loc":{"start":{"line":297,"column":47},"end":{"line":297,"column":null}},"line":297},"21":{"name":"(anonymous_21)","decl":{"start":{"line":308,"column":41},"end":{"line":308,"column":47}},"loc":{"start":{"line":308,"column":47},"end":{"line":308,"column":null}},"line":308},"22":{"name":"(anonymous_22)","decl":{"start":{"line":320,"column":87},"end":{"line":320,"column":88}},"loc":{"start":{"line":321,"column":32},"end":{"line":332,"column":null}},"line":321},"23":{"name":"(anonymous_23)","decl":{"start":{"line":323,"column":45},"end":{"line":323,"column":51}},"loc":{"start":{"line":323,"column":51},"end":{"line":326,"column":null}},"line":323},"24":{"name":"(anonymous_24)","decl":{"start":{"line":348,"column":38},"end":{"line":348,"column":39}},"loc":{"start":{"line":348,"column":45},"end":{"line":348,"column":null}},"line":348},"25":{"name":"(anonymous_25)","decl":{"start":{"line":349,"column":39},"end":{"line":349,"column":40}},"loc":{"start":{"line":349,"column":46},"end":{"line":354,"column":null}},"line":349},"26":{"name":"(anonymous_26)","decl":{"start":{"line":367,"column":37},"end":{"line":367,"column":43}},"loc":{"start":{"line":367,"column":43},"end":{"line":367,"column":null}},"line":367},"27":{"name":"(anonymous_27)","decl":{"start":{"line":400,"column":48},"end":{"line":400,"column":49}},"loc":{"start":{"line":401,"column":36},"end":{"line":422,"column":null}},"line":401},"28":{"name":"(anonymous_28)","decl":{"start":{"line":403,"column":49},"end":{"line":403,"column":55}},"loc":{"start":{"line":403,"column":55},"end":{"line":403,"column":null}},"line":403},"29":{"name":"(anonymous_29)","decl":{"start":{"line":447,"column":64},"end":{"line":447,"column":76}},"loc":{"start":{"line":447,"column":76},"end":{"line":449,"column":19}},"line":447}},"branchMap":{"0":{"loc":{"start":{"line":128,"column":8},"end":{"line":144,"column":null}},"type":"if","locations":[{"start":{"line":128,"column":8},"end":{"line":144,"column":null}},{"start":{},"end":{}}],"line":128},"1":{"loc":{"start":{"line":128,"column":8},"end":{"line":131,"column":null}},"type":"binary-expr","locations":[{"start":{"line":129,"column":13},"end":{"line":129,"column":39}},{"start":{"line":129,"column":39},"end":{"line":129,"column":null}},{"start":{"line":130,"column":12},"end":{"line":130,"column":null}},{"start":{"line":131,"column":12},"end":{"line":131,"column":null}}],"line":128},"2":{"loc":{"start":{"line":134,"column":16},"end":{"line":138,"column":null}},"type":"cond-expr","locations":[{"start":{"line":135,"column":22},"end":{"line":135,"column":null}},{"start":{"line":136,"column":22},"end":{"line":138,"column":null}}],"line":134},"3":{"loc":{"start":{"line":134,"column":16},"end":{"line":134,"column":null}},"type":"binary-expr","locations":[{"start":{"line":134,"column":16},"end":{"line":134,"column":42}},{"start":{"line":134,"column":42},"end":{"line":134,"column":null}}],"line":134},"4":{"loc":{"start":{"line":136,"column":22},"end":{"line":138,"column":null}},"type":"cond-expr","locations":[{"start":{"line":137,"column":26},"end":{"line":137,"column":null}},{"start":{"line":138,"column":26},"end":{"line":138,"column":null}}],"line":136},"5":{"loc":{"start":{"line":136,"column":22},"end":{"line":136,"column":null}},"type":"binary-expr","locations":[{"start":{"line":136,"column":22},"end":{"line":136,"column":44}},{"start":{"line":136,"column":44},"end":{"line":136,"column":null}}],"line":136},"6":{"loc":{"start":{"line":150,"column":30},"end":{"line":150,"column":null}},"type":"binary-expr","locations":[{"start":{"line":150,"column":30},"end":{"line":150,"column":37}},{"start":{"line":150,"column":37},"end":{"line":150,"column":null}}],"line":150},"7":{"loc":{"start":{"line":151,"column":8},"end":{"line":151,"column":null}},"type":"if","locations":[{"start":{"line":151,"column":8},"end":{"line":151,"column":null}},{"start":{},"end":{}}],"line":151},"8":{"loc":{"start":{"line":165,"column":12},"end":{"line":170,"column":null}},"type":"if","locations":[{"start":{"line":165,"column":12},"end":{"line":170,"column":null}},{"start":{},"end":{}}],"line":165},"9":{"loc":{"start":{"line":203,"column":8},"end":{"line":203,"column":null}},"type":"if","locations":[{"start":{"line":203,"column":8},"end":{"line":203,"column":null}},{"start":{},"end":{}}],"line":203},"10":{"loc":{"start":{"line":208,"column":29},"end":{"line":208,"column":74}},"type":"binary-expr","locations":[{"start":{"line":208,"column":29},"end":{"line":208,"column":43}},{"start":{"line":208,"column":43},"end":{"line":208,"column":74}}],"line":208},"11":{"loc":{"start":{"line":219,"column":8},"end":{"line":219,"column":null}},"type":"if","locations":[{"start":{"line":219,"column":8},"end":{"line":219,"column":null}},{"start":{},"end":{}}],"line":219},"12":{"loc":{"start":{"line":224,"column":29},"end":{"line":224,"column":81}},"type":"binary-expr","locations":[{"start":{"line":224,"column":29},"end":{"line":224,"column":43}},{"start":{"line":224,"column":43},"end":{"line":224,"column":81}}],"line":224},"13":{"loc":{"start":{"line":300,"column":48},"end":{"line":300,"column":null}},"type":"cond-expr","locations":[{"start":{"line":300,"column":74},"end":{"line":300,"column":100}},{"start":{"line":300,"column":100},"end":{"line":300,"column":null}}],"line":300},"14":{"loc":{"start":{"line":301,"column":43},"end":{"line":301,"column":null}},"type":"cond-expr","locations":[{"start":{"line":301,"column":69},"end":{"line":301,"column":81}},{"start":{"line":301,"column":81},"end":{"line":301,"column":null}}],"line":301},"15":{"loc":{"start":{"line":302,"column":44},"end":{"line":302,"column":null}},"type":"cond-expr","locations":[{"start":{"line":302,"column":70},"end":{"line":302,"column":105}},{"start":{"line":302,"column":105},"end":{"line":302,"column":null}}],"line":302},"16":{"loc":{"start":{"line":311,"column":48},"end":{"line":311,"column":null}},"type":"cond-expr","locations":[{"start":{"line":311,"column":71},"end":{"line":311,"column":97}},{"start":{"line":311,"column":97},"end":{"line":311,"column":null}}],"line":311},"17":{"loc":{"start":{"line":312,"column":43},"end":{"line":312,"column":null}},"type":"cond-expr","locations":[{"start":{"line":312,"column":66},"end":{"line":312,"column":78}},{"start":{"line":312,"column":78},"end":{"line":312,"column":null}}],"line":312},"18":{"loc":{"start":{"line":313,"column":44},"end":{"line":313,"column":null}},"type":"cond-expr","locations":[{"start":{"line":313,"column":67},"end":{"line":313,"column":102}},{"start":{"line":313,"column":102},"end":{"line":313,"column":null}}],"line":313},"19":{"loc":{"start":{"line":320,"column":30},"end":{"line":320,"column":83}},"type":"cond-expr","locations":[{"start":{"line":320,"column":56},"end":{"line":320,"column":71}},{"start":{"line":320,"column":71},"end":{"line":320,"column":83}}],"line":320},"20":{"loc":{"start":{"line":350,"column":32},"end":{"line":353,"column":null}},"type":"if","locations":[{"start":{"line":350,"column":32},"end":{"line":353,"column":null}},{"start":{},"end":{}}],"line":350},"21":{"loc":{"start":{"line":350,"column":36},"end":{"line":350,"column":70}},"type":"binary-expr","locations":[{"start":{"line":350,"column":36},"end":{"line":350,"column":57}},{"start":{"line":350,"column":57},"end":{"line":350,"column":70}}],"line":350},"22":{"loc":{"start":{"line":368,"column":38},"end":{"line":368,"column":null}},"type":"binary-expr","locations":[{"start":{"line":368,"column":38},"end":{"line":368,"column":57}},{"start":{"line":368,"column":57},"end":{"line":368,"column":null}}],"line":368},"23":{"loc":{"start":{"line":371,"column":29},"end":{"line":382,"column":null}},"type":"cond-expr","locations":[{"start":{"line":372,"column":32},"end":{"line":375,"column":null}},{"start":{"line":377,"column":32},"end":{"line":382,"column":null}}],"line":371},"24":{"loc":{"start":{"line":388,"column":21},"end":{"line":425,"column":null}},"type":"binary-expr","locations":[{"start":{"line":388,"column":21},"end":{"line":388,"column":null}},{"start":{"line":389,"column":24},"end":{"line":425,"column":null}}],"line":388},"25":{"loc":{"start":{"line":413,"column":49},"end":{"line":413,"column":null}},"type":"binary-expr","locations":[{"start":{"line":413,"column":49},"end":{"line":413,"column":60}},{"start":{"line":413,"column":60},"end":{"line":413,"column":null}}],"line":413},"26":{"loc":{"start":{"line":416,"column":49},"end":{"line":416,"column":null}},"type":"binary-expr","locations":[{"start":{"line":416,"column":49},"end":{"line":416,"column":59}},{"start":{"line":416,"column":59},"end":{"line":416,"column":null}}],"line":416},"27":{"loc":{"start":{"line":417,"column":49},"end":{"line":418,"column":null}},"type":"binary-expr","locations":[{"start":{"line":417,"column":49},"end":{"line":417,"column":61}},{"start":{"line":417,"column":61},"end":{"line":417,"column":null}},{"start":{"line":418,"column":52},"end":{"line":418,"column":null}}],"line":417},"28":{"loc":{"start":{"line":429,"column":21},"end":{"line":439,"column":null}},"type":"binary-expr","locations":[{"start":{"line":429,"column":21},"end":{"line":429,"column":null}},{"start":{"line":430,"column":24},"end":{"line":439,"column":null}}],"line":429},"29":{"loc":{"start":{"line":458,"column":21},"end":{"line":458,"column":null}},"type":"binary-expr","locations":[{"start":{"line":458,"column":21},"end":{"line":458,"column":33}},{"start":{"line":458,"column":33},"end":{"line":458,"column":null}}],"line":458},"30":{"loc":{"start":{"line":463,"column":13},"end":{"line":470,"column":null}},"type":"binary-expr","locations":[{"start":{"line":463,"column":13},"end":{"line":463,"column":null}},{"start":{"line":464,"column":16},"end":{"line":470,"column":null}}],"line":463}},"s":{"0":1,"1":1,"2":170,"3":170,"4":170,"5":170,"6":170,"7":170,"8":170,"9":170,"10":170,"11":170,"12":170,"13":170,"14":170,"15":170,"16":170,"17":21,"18":21,"19":21,"20":21,"21":21,"22":21,"23":21,"24":21,"25":170,"26":53,"27":5,"28":5,"29":53,"30":170,"31":17,"32":17,"33":1,"34":16,"35":16,"36":16,"37":16,"38":16,"39":16,"40":16,"41":16,"42":16,"43":15,"44":15,"45":1,"46":1,"47":1,"48":1,"49":14,"50":2,"51":2,"52":5,"53":5,"54":1,"55":1,"56":1,"57":1,"58":1,"59":1,"60":2,"61":2,"62":2,"63":1,"64":1,"65":170,"66":2,"67":0,"68":2,"69":2,"70":2,"71":1,"72":1,"73":1,"74":2,"75":2,"76":1,"77":1,"78":2,"79":170,"80":2,"81":0,"82":2,"83":2,"84":2,"85":1,"86":1,"87":1,"88":2,"89":2,"90":1,"91":1,"92":2,"93":170,"94":1,"95":1,"96":1,"97":1,"98":1,"99":170,"100":1,"101":1,"102":1019,"103":10,"104":10,"105":83,"106":85,"107":2,"108":2,"109":4,"110":3,"111":1,"112":1,"113":1},"f":{"0":170,"1":21,"2":21,"3":21,"4":53,"5":17,"6":2,"7":2,"8":5,"9":1,"10":1,"11":1,"12":2,"13":2,"14":1,"15":1,"16":2,"17":1,"18":1,"19":1,"20":1,"21":1,"22":1019,"23":10,"24":83,"25":85,"26":4,"27":3,"28":1,"29":1},"b":{"0":[5,48],"1":[53,50,5,5],"2":[3,2],"3":[5,3],"4":[2,0],"5":[2,2],"6":[17,6],"7":[1,16],"8":[1,14],"9":[0,2],"10":[1,0],"11":[0,2],"12":[1,0],"13":[169,1],"14":[169,1],"15":[169,1],"16":[1,169],"17":[1,169],"18":[1,169],"19":[169,1],"20":[2,83],"21":[85,2],"22":[170,124],"23":[21,149],"24":[170,2],"25":[3,3],"26":[3,3],"27":[3,3,1],"28":[170,7],"29":[170,24],"30":[170,7]},"meta":{"lastBranch":31,"lastFunction":30,"lastStatement":114,"seen":{"s:21:21:52:Infinity":0,"s:55:19:81:Infinity":1,"f:83:24:83:36":0,"s:85:30:85:Infinity":2,"s:86:32:86:Infinity":3,"s:87:32:87:Infinity":4,"s:88:28:88:Infinity":5,"s:89:42:89:Infinity":6,"s:92:42:92:Infinity":7,"s:94:46:94:Infinity":8,"s:97:30:97:Infinity":9,"s:100:36:100:Infinity":10,"s:101:58:101:Infinity":11,"s:102:46:102:Infinity":12,"s:105:34:105:Infinity":13,"s:108:77:108:Infinity":14,"s:109:10:109:Infinity":15,"s:112:4:124:Infinity":16,"f:112:14:112:20":1,"s:113:29:120:Infinity":17,"f:113:29:113:41":2,"s:114:12:119:Infinity":18,"s:115:26:115:Infinity":19,"s:116:16:116:Infinity":20,"s:121:8:121:Infinity":21,"s:122:25:122:Infinity":22,"s:123:8:123:Infinity":23,"f:123:15:123:21":3,"s:123:21:123:Infinity":24,"s:127:4:146:Infinity":25,"f:127:14:127:20":4,"b:128:8:144:Infinity:undefined:undefined:undefined:undefined":0,"s:128:8:144:Infinity":26,"b:129:13:129:39:129:39:129:Infinity:130:12:130:Infinity:131:12:131:Infinity":1,"s:134:16:138:Infinity":27,"b:135:22:135:Infinity:136:22:138:Infinity":2,"b:134:16:134:42:134:42:134:Infinity":3,"b:137:26:137:Infinity:138:26:138:Infinity":4,"b:136:22:136:44:136:44:136:Infinity":5,"s:139:12:143:Infinity":28,"s:145:8:145:Infinity":29,"s:149:10:199:Infinity":30,"f:149:37:149:44":5,"s:150:30:150:Infinity":31,"b:150:30:150:37:150:37:150:Infinity":6,"b:151:8:151:Infinity:undefined:undefined:undefined:undefined":7,"s:151:8:151:Infinity":32,"s:151:35:151:Infinity":33,"s:153:8:153:Infinity":34,"s:154:8:154:Infinity":35,"s:155:8:155:Infinity":36,"s:156:8:156:Infinity":37,"s:157:8:157:Infinity":38,"s:158:8:158:Infinity":39,"s:159:8:159:Infinity":40,"s:161:8:198:Infinity":41,"s:162:38:162:Infinity":42,"s:163:12:163:Infinity":43,"b:165:12:170:Infinity:undefined:undefined:undefined:undefined":8,"s:165:12:170:Infinity":44,"s:166:16:166:Infinity":45,"s:167:16:167:Infinity":46,"s:168:16:168:Infinity":47,"s:169:16:169:Infinity":48,"s:173:12:194:Infinity":49,"f:175:16:175:17":6,"s:175:26:175:Infinity":50,"f:175:38:175:39":7,"s:175:48:175:63":51,"f:176:16:176:17":8,"s:177:20:177:Infinity":52,"s:178:20:178:Infinity":53,"f:180:16:180:17":9,"s:181:20:181:Infinity":54,"s:182:20:182:Infinity":55,"s:183:20:183:Infinity":56,"f:185:16:185:17":10,"s:186:20:186:Infinity":57,"f:186:32:186:33":11,"s:186:42:186:72":58,"s:187:20:187:Infinity":59,"f:189:16:189:17":12,"s:190:20:190:Infinity":60,"s:191:20:191:Infinity":61,"s:192:20:192:Infinity":62,"s:196:12:196:Infinity":63,"s:197:12:197:Infinity":64,"s:202:10:215:Infinity":65,"f:202:38:202:50":13,"b:203:8:203:Infinity:undefined:undefined:undefined:undefined":9,"s:203:8:203:Infinity":66,"s:203:23:203:Infinity":67,"s:204:8:204:Infinity":68,"s:205:8:213:Infinity":69,"s:206:24:206:Infinity":70,"s:207:12:207:Infinity":71,"f:207:24:207:25":14,"s:207:34:207:81":72,"s:208:12:208:Infinity":73,"b:208:29:208:43:208:43:208:74":10,"s:209:12:209:Infinity":74,"s:210:12:210:Infinity":75,"s:212:12:212:Infinity":76,"f:212:24:212:25":15,"s:212:34:212:64":77,"s:214:8:214:Infinity":78,"s:218:10:231:Infinity":79,"f:218:35:218:42":16,"b:219:8:219:Infinity:undefined:undefined:undefined:undefined":11,"s:219:8:219:Infinity":80,"s:219:23:219:Infinity":81,"s:220:8:220:Infinity":82,"s:221:8:229:Infinity":83,"s:222:24:222:Infinity":84,"s:223:12:223:Infinity":85,"f:223:24:223:25":17,"s:223:34:223:73":86,"s:224:12:224:Infinity":87,"b:224:29:224:43:224:43:224:81":12,"s:225:12:225:Infinity":88,"s:226:12:226:Infinity":89,"s:228:12:228:Infinity":90,"f:228:24:228:25":18,"s:228:34:228:73":91,"s:230:8:230:Infinity":92,"s:236:10:246:Infinity":93,"f:236:45:236:46":19,"s:238:33:241:Infinity":94,"s:242:8:242:Infinity":95,"s:243:8:243:Infinity":96,"s:244:8:244:Infinity":97,"s:245:8:245:Infinity":98,"s:248:4:472:Infinity":99,"f:297:41:297:47":20,"s:297:47:297:Infinity":100,"b:300:74:300:100:300:100:300:Infinity":13,"b:301:69:301:81:301:81:301:Infinity":14,"b:302:70:302:105:302:105:302:Infinity":15,"f:308:41:308:47":21,"s:308:47:308:Infinity":101,"b:311:71:311:97:311:97:311:Infinity":16,"b:312:66:312:78:312:78:312:Infinity":17,"b:313:67:313:102:313:102:313:Infinity":18,"b:320:56:320:71:320:71:320:83":19,"f:320:87:320:88":22,"s:321:32:332:Infinity":102,"f:323:45:323:51":23,"s:324:40:324:Infinity":103,"s:325:40:325:Infinity":104,"f:348:38:348:39":24,"s:348:45:348:Infinity":105,"f:349:39:349:40":25,"b:350:32:353:Infinity:undefined:undefined:undefined:undefined":20,"s:350:32:353:Infinity":106,"b:350:36:350:57:350:57:350:70":21,"s:351:36:351:Infinity":107,"s:352:36:352:Infinity":108,"f:367:37:367:43":26,"s:367:43:367:Infinity":109,"b:368:38:368:57:368:57:368:Infinity":22,"b:372:32:375:Infinity:377:32:382:Infinity":23,"b:388:21:388:Infinity:389:24:425:Infinity":24,"f:400:48:400:49":27,"s:401:36:422:Infinity":110,"f:403:49:403:55":28,"s:403:55:403:Infinity":111,"b:413:49:413:60:413:60:413:Infinity":25,"b:416:49:416:59:416:59:416:Infinity":26,"b:417:49:417:61:417:61:417:Infinity:418:52:418:Infinity":27,"b:429:21:429:Infinity:430:24:439:Infinity":28,"f:447:64:447:76":29,"s:448:20:448:Infinity":112,"s:448:26:448:58":113,"b:458:21:458:33:458:33:458:Infinity":29,"b:463:13:463:Infinity:464:16:470:Infinity":30}}}
,"/Users/edycu/.gemini/antigravity/playground/static-corona/frontend/src/components/ApprovalModal.tsx": {"path":"/Users/edycu/.gemini/antigravity/playground/static-corona/frontend/src/components/ApprovalModal.tsx","statementMap":{"0":{"start":{"line":14,"column":30},"end":{"line":14,"column":null}},"1":{"start":{"line":16,"column":10},"end":{"line":19,"column":null}},"2":{"start":{"line":17,"column":8},"end":{"line":17,"column":null}},"3":{"start":{"line":18,"column":8},"end":{"line":18,"column":null}},"4":{"start":{"line":21,"column":26},"end":{"line":31,"column":null}},"5":{"start":{"line":22,"column":8},"end":{"line":30,"column":null}},"6":{"start":{"line":23,"column":27},"end":{"line":23,"column":null}},"7":{"start":{"line":24,"column":27},"end":{"line":24,"column":null}},"8":{"start":{"line":25,"column":32},"end":{"line":25,"column":null}},"9":{"start":{"line":26,"column":29},"end":{"line":26,"column":null}},"10":{"start":{"line":27,"column":28},"end":{"line":27,"column":null}},"11":{"start":{"line":28,"column":31},"end":{"line":28,"column":null}},"12":{"start":{"line":29,"column":21},"end":{"line":29,"column":null}},"13":{"start":{"line":33,"column":27},"end":{"line":43,"column":null}},"14":{"start":{"line":34,"column":8},"end":{"line":42,"column":null}},"15":{"start":{"line":35,"column":27},"end":{"line":35,"column":null}},"16":{"start":{"line":36,"column":27},"end":{"line":36,"column":null}},"17":{"start":{"line":37,"column":32},"end":{"line":37,"column":null}},"18":{"start":{"line":38,"column":29},"end":{"line":38,"column":null}},"19":{"start":{"line":39,"column":28},"end":{"line":39,"column":null}},"20":{"start":{"line":40,"column":31},"end":{"line":40,"column":null}},"21":{"start":{"line":41,"column":21},"end":{"line":41,"column":null}},"22":{"start":{"line":45,"column":4},"end":{"line":127,"column":null}},"23":{"start":{"line":112,"column":39},"end":{"line":112,"column":null}},"24":{"start":{"line":112,"column":56},"end":{"line":112,"column":100}},"25":{"start":{"line":119,"column":39},"end":{"line":119,"column":null}}},"fnMap":{"0":{"name":"ApprovalModal","decl":{"start":{"line":13,"column":24},"end":{"line":13,"column":38}},"loc":{"start":{"line":13,"column":100},"end":{"line":129,"column":null}},"line":13},"1":{"name":"(anonymous_1)","decl":{"start":{"line":16,"column":35},"end":{"line":16,"column":36}},"loc":{"start":{"line":16,"column":61},"end":{"line":19,"column":7}},"line":16},"2":{"name":"(anonymous_2)","decl":{"start":{"line":21,"column":26},"end":{"line":21,"column":27}},"loc":{"start":{"line":21,"column":44},"end":{"line":31,"column":null}},"line":21},"3":{"name":"(anonymous_3)","decl":{"start":{"line":33,"column":27},"end":{"line":33,"column":28}},"loc":{"start":{"line":33,"column":45},"end":{"line":43,"column":null}},"line":33},"4":{"name":"(anonymous_4)","decl":{"start":{"line":112,"column":33},"end":{"line":112,"column":39}},"loc":{"start":{"line":112,"column":39},"end":{"line":112,"column":null}},"line":112},"5":{"name":"(anonymous_5)","decl":{"start":{"line":112,"column":50},"end":{"line":112,"column":56}},"loc":{"start":{"line":112,"column":56},"end":{"line":112,"column":100}},"line":112},"6":{"name":"(anonymous_6)","decl":{"start":{"line":119,"column":33},"end":{"line":119,"column":39}},"loc":{"start":{"line":119,"column":39},"end":{"line":119,"column":null}},"line":119}},"branchMap":{"0":{"loc":{"start":{"line":22,"column":8},"end":{"line":30,"column":null}},"type":"switch","locations":[{"start":{"line":23,"column":12},"end":{"line":23,"column":null}},{"start":{"line":24,"column":12},"end":{"line":24,"column":null}},{"start":{"line":25,"column":12},"end":{"line":25,"column":null}},{"start":{"line":26,"column":12},"end":{"line":26,"column":null}},{"start":{"line":27,"column":12},"end":{"line":27,"column":null}},{"start":{"line":28,"column":12},"end":{"line":28,"column":null}},{"start":{"line":29,"column":12},"end":{"line":29,"column":null}}],"line":22},"1":{"loc":{"start":{"line":34,"column":8},"end":{"line":42,"column":null}},"type":"switch","locations":[{"start":{"line":35,"column":12},"end":{"line":35,"column":null}},{"start":{"line":36,"column":12},"end":{"line":36,"column":null}},{"start":{"line":37,"column":12},"end":{"line":37,"column":null}},{"start":{"line":38,"column":12},"end":{"line":38,"column":null}},{"start":{"line":39,"column":12},"end":{"line":39,"column":null}},{"start":{"line":40,"column":12},"end":{"line":40,"column":null}},{"start":{"line":41,"column":12},"end":{"line":41,"column":null}}],"line":34},"2":{"loc":{"start":{"line":47,"column":82},"end":{"line":47,"column":132}},"type":"cond-expr","locations":[{"start":{"line":47,"column":92},"end":{"line":47,"column":116}},{"start":{"line":47,"column":116},"end":{"line":47,"column":132}}],"line":47},"3":{"loc":{"start":{"line":51,"column":89},"end":{"line":51,"column":127}},"type":"cond-expr","locations":[{"start":{"line":51,"column":99},"end":{"line":51,"column":114}},{"start":{"line":51,"column":114},"end":{"line":51,"column":127}}],"line":51},"4":{"loc":{"start":{"line":77,"column":37},"end":{"line":77,"column":null}},"type":"cond-expr","locations":[{"start":{"line":77,"column":53},"end":{"line":77,"column":89}},{"start":{"line":77,"column":89},"end":{"line":77,"column":null}}],"line":77},"5":{"loc":{"start":{"line":88,"column":25},"end":{"line":92,"column":null}},"type":"binary-expr","locations":[{"start":{"line":88,"column":25},"end":{"line":88,"column":null}},{"start":{"line":89,"column":28},"end":{"line":92,"column":null}}],"line":88},"6":{"loc":{"start":{"line":94,"column":25},"end":{"line":98,"column":null}},"type":"binary-expr","locations":[{"start":{"line":94,"column":25},"end":{"line":94,"column":null}},{"start":{"line":95,"column":28},"end":{"line":98,"column":null}}],"line":94},"7":{"loc":{"start":{"line":113,"column":34},"end":{"line":113,"column":null}},"type":"binary-expr","locations":[{"start":{"line":113,"column":34},"end":{"line":113,"column":47}},{"start":{"line":113,"column":47},"end":{"line":113,"column":null}}],"line":113},"8":{"loc":{"start":{"line":116,"column":25},"end":{"line":116,"column":71}},"type":"cond-expr","locations":[{"start":{"line":116,"column":37},"end":{"line":116,"column":67}},{"start":{"line":116,"column":67},"end":{"line":116,"column":71}}],"line":116},"9":{"loc":{"start":{"line":120,"column":34},"end":{"line":120,"column":null}},"type":"binary-expr","locations":[{"start":{"line":120,"column":34},"end":{"line":120,"column":47}},{"start":{"line":120,"column":47},"end":{"line":120,"column":null}}],"line":120},"10":{"loc":{"start":{"line":123,"column":25},"end":{"line":123,"column":71}},"type":"cond-expr","locations":[{"start":{"line":123,"column":37},"end":{"line":123,"column":67}},{"start":{"line":123,"column":67},"end":{"line":123,"column":71}}],"line":123}},"s":{"0":39,"1":39,"2":8,"3":8,"4":39,"5":39,"6":22,"7":2,"8":2,"9":2,"10":7,"11":2,"12":2,"13":39,"14":39,"15":22,"16":2,"17":2,"18":2,"19":7,"20":2,"21":2,"22":39,"23":3,"24":3,"25":5},"f":{"0":39,"1":8,"2":39,"3":39,"4":3,"5":3,"6":5},"b":{"0":[22,2,2,2,7,2,2],"1":[22,2,2,2,7,2,2],"2":[10,29],"3":[10,29],"4":[33,6],"5":[39,38],"6":[39,38],"7":[39,38],"8":[1,38],"9":[39,38],"10":[1,38]},"meta":{"lastBranch":11,"lastFunction":7,"lastStatement":26,"seen":{"f:13:24:13:38":0,"s:14:30:14:Infinity":0,"s:16:10:19:Infinity":1,"f:16:35:16:36":1,"s:17:8:17:Infinity":2,"s:18:8:18:Infinity":3,"s:21:26:31:Infinity":4,"f:21:26:21:27":2,"b:23:12:23:Infinity:24:12:24:Infinity:25:12:25:Infinity:26:12:26:Infinity:27:12:27:Infinity:28:12:28:Infinity:29:12:29:Infinity":0,"s:22:8:30:Infinity":5,"s:23:27:23:Infinity":6,"s:24:27:24:Infinity":7,"s:25:32:25:Infinity":8,"s:26:29:26:Infinity":9,"s:27:28:27:Infinity":10,"s:28:31:28:Infinity":11,"s:29:21:29:Infinity":12,"s:33:27:43:Infinity":13,"f:33:27:33:28":3,"b:35:12:35:Infinity:36:12:36:Infinity:37:12:37:Infinity:38:12:38:Infinity:39:12:39:Infinity:40:12:40:Infinity:41:12:41:Infinity":1,"s:34:8:42:Infinity":14,"s:35:27:35:Infinity":15,"s:36:27:36:Infinity":16,"s:37:32:37:Infinity":17,"s:38:29:38:Infinity":18,"s:39:28:39:Infinity":19,"s:40:31:40:Infinity":20,"s:41:21:41:Infinity":21,"s:45:4:127:Infinity":22,"b:47:92:47:116:47:116:47:132":2,"b:51:99:51:114:51:114:51:127":3,"b:77:53:77:89:77:89:77:Infinity":4,"b:88:25:88:Infinity:89:28:92:Infinity":5,"b:94:25:94:Infinity:95:28:98:Infinity":6,"f:112:33:112:39":4,"s:112:39:112:Infinity":23,"f:112:50:112:56":5,"s:112:56:112:100":24,"b:113:34:113:47:113:47:113:Infinity":7,"b:116:37:116:67:116:67:116:71":8,"f:119:33:119:39":6,"s:119:39:119:Infinity":25,"b:120:34:120:47:120:47:120:Infinity":9,"b:123:37:123:67:123:67:123:71":10}}}
,"/Users/edycu/.gemini/antigravity/playground/static-corona/frontend/src/components/MetricsPanel.tsx": {"path":"/Users/edycu/.gemini/antigravity/playground/static-corona/frontend/src/components/MetricsPanel.tsx","statementMap":{"0":{"start":{"line":12,"column":102},"end":{"line":17,"column":null}},"1":{"start":{"line":20,"column":17},"end":{"line":20,"column":null}},"2":{"start":{"line":21,"column":17},"end":{"line":21,"column":null}},"3":{"start":{"line":22,"column":4},"end":{"line":22,"column":null}},"4":{"start":{"line":22,"column":18},"end":{"line":22,"column":null}},"5":{"start":{"line":23,"column":4},"end":{"line":23,"column":null}},"6":{"start":{"line":23,"column":19},"end":{"line":23,"column":null}},"7":{"start":{"line":24,"column":16},"end":{"line":24,"column":null}},"8":{"start":{"line":25,"column":4},"end":{"line":25,"column":null}},"9":{"start":{"line":25,"column":18},"end":{"line":25,"column":null}},"10":{"start":{"line":26,"column":17},"end":{"line":26,"column":null}},"11":{"start":{"line":27,"column":4},"end":{"line":27,"column":null}},"12":{"start":{"line":31,"column":14},"end":{"line":31,"column":null}},"13":{"start":{"line":32,"column":4},"end":{"line":32,"column":null}},"14":{"start":{"line":36,"column":18},"end":{"line":36,"column":null}},"15":{"start":{"line":37,"column":18},"end":{"line":37,"column":null}},"16":{"start":{"line":38,"column":32},"end":{"line":38,"column":null}},"17":{"start":{"line":39,"column":32},"end":{"line":39,"column":null}},"18":{"start":{"line":42,"column":20},"end":{"line":42,"column":null}},"19":{"start":{"line":43,"column":32},"end":{"line":43,"column":null}},"20":{"start":{"line":44,"column":34},"end":{"line":44,"column":null}},"21":{"start":{"line":45,"column":40},"end":{"line":45,"column":null}},"22":{"start":{"line":47,"column":4},"end":{"line":49,"column":null}},"23":{"start":{"line":48,"column":8},"end":{"line":48,"column":null}},"24":{"start":{"line":52,"column":23},"end":{"line":54,"column":null}},"25":{"start":{"line":53,"column":67},"end":{"line":53,"column":74}},"26":{"start":{"line":56,"column":29},"end":{"line":70,"column":null}},"27":{"start":{"line":57,"column":8},"end":{"line":57,"column":null}},"28":{"start":{"line":58,"column":8},"end":{"line":58,"column":null}},"29":{"start":{"line":59,"column":8},"end":{"line":69,"column":null}},"30":{"start":{"line":60,"column":27},"end":{"line":60,"column":null}},"31":{"start":{"line":61,"column":12},"end":{"line":61,"column":null}},"32":{"start":{"line":62,"column":12},"end":{"line":62,"column":null}},"33":{"start":{"line":63,"column":12},"end":{"line":63,"column":null}},"34":{"start":{"line":63,"column":29},"end":{"line":63,"column":48}},"35":{"start":{"line":65,"column":12},"end":{"line":65,"column":null}},"36":{"start":{"line":66,"column":12},"end":{"line":66,"column":null}},"37":{"start":{"line":66,"column":29},"end":{"line":66,"column":48}},"38":{"start":{"line":68,"column":12},"end":{"line":68,"column":null}},"39":{"start":{"line":72,"column":28},"end":{"line":88,"column":null}},"40":{"start":{"line":73,"column":8},"end":{"line":77,"column":null}},"41":{"start":{"line":74,"column":12},"end":{"line":74,"column":null}},"42":{"start":{"line":75,"column":12},"end":{"line":75,"column":null}},"43":{"start":{"line":76,"column":12},"end":{"line":76,"column":null}},"44":{"start":{"line":78,"column":8},"end":{"line":78,"column":null}},"45":{"start":{"line":79,"column":8},"end":{"line":79,"column":null}},"46":{"start":{"line":80,"column":8},"end":{"line":87,"column":null}},"47":{"start":{"line":81,"column":25},"end":{"line":81,"column":null}},"48":{"start":{"line":82,"column":12},"end":{"line":82,"column":null}},"49":{"start":{"line":84,"column":12},"end":{"line":84,"column":null}},"50":{"start":{"line":86,"column":12},"end":{"line":86,"column":null}},"51":{"start":{"line":91,"column":29},"end":{"line":93,"column":null}},"52":{"start":{"line":92,"column":42},"end":{"line":92,"column":50}},"53":{"start":{"line":92,"column":63},"end":{"line":92,"column":92}},"54":{"start":{"line":94,"column":23},"end":{"line":94,"column":null}},"55":{"start":{"line":95,"column":22},"end":{"line":95,"column":null}},"56":{"start":{"line":96,"column":25},"end":{"line":96,"column":null}},"57":{"start":{"line":98,"column":4},"end":{"line":357,"column":null}},"58":{"start":{"line":212,"column":38},"end":{"line":212,"column":null}},"59":{"start":{"line":213,"column":52},"end":{"line":213,"column":null}},"60":{"start":{"line":214,"column":32},"end":{"line":235,"column":null}},"61":{"start":{"line":271,"column":46},"end":{"line":271,"column":null}},"62":{"start":{"line":272,"column":32},"end":{"line":272,"column":null}},"63":{"start":{"line":272,"column":44},"end":{"line":272,"column":null}},"64":{"start":{"line":273,"column":49},"end":{"line":273,"column":null}},"65":{"start":{"line":274,"column":32},"end":{"line":293,"column":null}},"66":{"start":{"line":277,"column":55},"end":{"line":277,"column":null}},"67":{"start":{"line":318,"column":52},"end":{"line":324,"column":null}},"68":{"start":{"line":330,"column":48},"end":{"line":347,"column":null}},"69":{"start":{"line":336,"column":56},"end":{"line":345,"column":null}}},"fnMap":{"0":{"name":"timeAgo","decl":{"start":{"line":19,"column":9},"end":{"line":19,"column":17}},"loc":{"start":{"line":19,"column":64},"end":{"line":28,"column":null}},"line":19},"1":{"name":"truncate","decl":{"start":{"line":30,"column":9},"end":{"line":30,"column":18}},"loc":{"start":{"line":30,"column":50},"end":{"line":33,"column":null}},"line":30},"2":{"name":"MetricsPanel","decl":{"start":{"line":35,"column":24},"end":{"line":35,"column":37}},"loc":{"start":{"line":35,"column":85},"end":{"line":359,"column":null}},"line":35},"3":{"name":"(anonymous_3)","decl":{"start":{"line":47,"column":14},"end":{"line":47,"column":20}},"loc":{"start":{"line":47,"column":20},"end":{"line":49,"column":7}},"line":47},"4":{"name":"(anonymous_4)","decl":{"start":{"line":48,"column":40},"end":{"line":48,"column":46}},"loc":{"start":{"line":48,"column":46},"end":{"line":48,"column":49}},"line":48},"5":{"name":"(anonymous_5)","decl":{"start":{"line":53,"column":57},"end":{"line":53,"column":58}},"loc":{"start":{"line":53,"column":67},"end":{"line":53,"column":74}},"line":53},"6":{"name":"(anonymous_6)","decl":{"start":{"line":56,"column":29},"end":{"line":56,"column":41}},"loc":{"start":{"line":56,"column":41},"end":{"line":70,"column":null}},"line":56},"7":{"name":"(anonymous_7)","decl":{"start":{"line":63,"column":23},"end":{"line":63,"column":29}},"loc":{"start":{"line":63,"column":29},"end":{"line":63,"column":48}},"line":63},"8":{"name":"(anonymous_8)","decl":{"start":{"line":66,"column":23},"end":{"line":66,"column":29}},"loc":{"start":{"line":66,"column":29},"end":{"line":66,"column":48}},"line":66},"9":{"name":"(anonymous_9)","decl":{"start":{"line":72,"column":28},"end":{"line":72,"column":35}},"loc":{"start":{"line":72,"column":57},"end":{"line":88,"column":null}},"line":72},"10":{"name":"(anonymous_10)","decl":{"start":{"line":92,"column":35},"end":{"line":92,"column":36}},"loc":{"start":{"line":92,"column":42},"end":{"line":92,"column":50}},"line":92},"11":{"name":"(anonymous_11)","decl":{"start":{"line":92,"column":56},"end":{"line":92,"column":57}},"loc":{"start":{"line":92,"column":63},"end":{"line":92,"column":92}},"line":92},"12":{"name":"(anonymous_12)","decl":{"start":{"line":211,"column":74},"end":{"line":211,"column":75}},"loc":{"start":{"line":211,"column":94},"end":{"line":237,"column":29}},"line":211},"13":{"name":"(anonymous_13)","decl":{"start":{"line":270,"column":60},"end":{"line":270,"column":61}},"loc":{"start":{"line":270,"column":77},"end":{"line":295,"column":29}},"line":270},"14":{"name":"(anonymous_14)","decl":{"start":{"line":277,"column":49},"end":{"line":277,"column":55}},"loc":{"start":{"line":277,"column":55},"end":{"line":277,"column":null}},"line":277},"15":{"name":"(anonymous_15)","decl":{"start":{"line":317,"column":74},"end":{"line":317,"column":75}},"loc":{"start":{"line":318,"column":52},"end":{"line":324,"column":null}},"line":318},"16":{"name":"(anonymous_16)","decl":{"start":{"line":329,"column":59},"end":{"line":329,"column":60}},"loc":{"start":{"line":330,"column":48},"end":{"line":347,"column":null}},"line":330},"17":{"name":"(anonymous_17)","decl":{"start":{"line":335,"column":78},"end":{"line":335,"column":79}},"loc":{"start":{"line":336,"column":56},"end":{"line":345,"column":null}},"line":336}},"branchMap":{"0":{"loc":{"start":{"line":22,"column":4},"end":{"line":22,"column":null}},"type":"if","locations":[{"start":{"line":22,"column":4},"end":{"line":22,"column":null}},{"start":{},"end":{}}],"line":22},"1":{"loc":{"start":{"line":23,"column":4},"end":{"line":23,"column":null}},"type":"if","locations":[{"start":{"line":23,"column":4},"end":{"line":23,"column":null}},{"start":{},"end":{}}],"line":23},"2":{"loc":{"start":{"line":25,"column":4},"end":{"line":25,"column":null}},"type":"if","locations":[{"start":{"line":25,"column":4},"end":{"line":25,"column":null}},{"start":{},"end":{}}],"line":25},"3":{"loc":{"start":{"line":30,"column":32},"end":{"line":30,"column":50}},"type":"default-arg","locations":[{"start":{"line":30,"column":38},"end":{"line":30,"column":50}}],"line":30},"4":{"loc":{"start":{"line":31,"column":21},"end":{"line":31,"column":31}},"type":"binary-expr","locations":[{"start":{"line":31,"column":21},"end":{"line":31,"column":28}},{"start":{"line":31,"column":28},"end":{"line":31,"column":31}}],"line":31},"5":{"loc":{"start":{"line":32,"column":11},"end":{"line":32,"column":null}},"type":"cond-expr","locations":[{"start":{"line":32,"column":28},"end":{"line":32,"column":52}},{"start":{"line":32,"column":52},"end":{"line":32,"column":null}}],"line":32},"6":{"loc":{"start":{"line":52,"column":23},"end":{"line":54,"column":null}},"type":"cond-expr","locations":[{"start":{"line":53,"column":10},"end":{"line":53,"column":null}},{"start":{"line":54,"column":10},"end":{"line":54,"column":null}}],"line":52},"7":{"loc":{"start":{"line":73,"column":8},"end":{"line":77,"column":null}},"type":"if","locations":[{"start":{"line":73,"column":8},"end":{"line":77,"column":null}},{"start":{},"end":{}}],"line":73},"8":{"loc":{"start":{"line":82,"column":25},"end":{"line":82,"column":40}},"type":"binary-expr","locations":[{"start":{"line":82,"column":25},"end":{"line":82,"column":38}},{"start":{"line":82,"column":38},"end":{"line":82,"column":40}}],"line":82},"9":{"loc":{"start":{"line":91,"column":29},"end":{"line":93,"column":null}},"type":"cond-expr","locations":[{"start":{"line":92,"column":10},"end":{"line":92,"column":null}},{"start":{"line":93,"column":10},"end":{"line":93,"column":null}}],"line":91},"10":{"loc":{"start":{"line":94,"column":23},"end":{"line":94,"column":null}},"type":"cond-expr","locations":[{"start":{"line":94,"column":53},"end":{"line":94,"column":109}},{"start":{"line":94,"column":109},"end":{"line":94,"column":null}}],"line":94},"11":{"loc":{"start":{"line":95,"column":22},"end":{"line":95,"column":null}},"type":"cond-expr","locations":[{"start":{"line":95,"column":35},"end":{"line":95,"column":57}},{"start":{"line":95,"column":57},"end":{"line":95,"column":null}}],"line":95},"12":{"loc":{"start":{"line":96,"column":25},"end":{"line":96,"column":null}},"type":"cond-expr","locations":[{"start":{"line":96,"column":36},"end":{"line":96,"column":59}},{"start":{"line":96,"column":59},"end":{"line":96,"column":null}}],"line":96},"13":{"loc":{"start":{"line":118,"column":30},"end":{"line":118,"column":null}},"type":"binary-expr","locations":[{"start":{"line":118,"column":30},"end":{"line":118,"column":65}},{"start":{"line":118,"column":65},"end":{"line":118,"column":null}}],"line":118},"14":{"loc":{"start":{"line":124,"column":29},"end":{"line":124,"column":null}},"type":"binary-expr","locations":[{"start":{"line":124,"column":29},"end":{"line":124,"column":54}},{"start":{"line":124,"column":54},"end":{"line":124,"column":null}}],"line":124},"15":{"loc":{"start":{"line":130,"column":30},"end":{"line":130,"column":null}},"type":"binary-expr","locations":[{"start":{"line":130,"column":30},"end":{"line":130,"column":67}},{"start":{"line":130,"column":67},"end":{"line":130,"column":null}}],"line":130},"16":{"loc":{"start":{"line":136,"column":29},"end":{"line":136,"column":null}},"type":"binary-expr","locations":[{"start":{"line":136,"column":29},"end":{"line":136,"column":70}},{"start":{"line":136,"column":70},"end":{"line":136,"column":null}}],"line":136},"17":{"loc":{"start":{"line":148,"column":29},"end":{"line":149,"column":null}},"type":"binary-expr","locations":[{"start":{"line":148,"column":29},"end":{"line":148,"column":null}},{"start":{"line":149,"column":32},"end":{"line":149,"column":null}}],"line":148},"18":{"loc":{"start":{"line":154,"column":42},"end":{"line":154,"column":null}},"type":"binary-expr","locations":[{"start":{"line":154,"column":42},"end":{"line":154,"column":54}},{"start":{"line":154,"column":54},"end":{"line":154,"column":null}}],"line":154},"19":{"loc":{"start":{"line":158,"column":33},"end":{"line":165,"column":null}},"type":"cond-expr","locations":[{"start":{"line":159,"column":36},"end":{"line":161,"column":null}},{"start":{"line":163,"column":36},"end":{"line":165,"column":null}}],"line":158},"20":{"loc":{"start":{"line":173,"column":73},"end":{"line":173,"column":140}},"type":"cond-expr","locations":[{"start":{"line":173,"column":118},"end":{"line":173,"column":130}},{"start":{"line":173,"column":130},"end":{"line":173,"column":140}}],"line":173},"21":{"loc":{"start":{"line":173,"column":81},"end":{"line":173,"column":113}},"type":"binary-expr","locations":[{"start":{"line":173,"column":81},"end":{"line":173,"column":108}},{"start":{"line":173,"column":108},"end":{"line":173,"column":113}}],"line":173},"22":{"loc":{"start":{"line":174,"column":33},"end":{"line":174,"column":78}},"type":"binary-expr","locations":[{"start":{"line":174,"column":33},"end":{"line":174,"column":72}},{"start":{"line":174,"column":72},"end":{"line":174,"column":78}}],"line":174},"23":{"loc":{"start":{"line":182,"column":46},"end":{"line":182,"column":74}},"type":"binary-expr","locations":[{"start":{"line":182,"column":46},"end":{"line":182,"column":73}},{"start":{"line":182,"column":73},"end":{"line":182,"column":74}}],"line":182},"24":{"loc":{"start":{"line":189,"column":33},"end":{"line":189,"column":50}},"type":"binary-expr","locations":[{"start":{"line":189,"column":33},"end":{"line":189,"column":48}},{"start":{"line":189,"column":48},"end":{"line":189,"column":50}}],"line":189},"25":{"loc":{"start":{"line":192,"column":33},"end":{"line":192,"column":52}},"type":"binary-expr","locations":[{"start":{"line":192,"column":33},"end":{"line":192,"column":50}},{"start":{"line":192,"column":50},"end":{"line":192,"column":52}}],"line":192},"26":{"loc":{"start":{"line":197,"column":64},"end":{"line":197,"column":114}},"type":"cond-expr","locations":[{"start":{"line":197,"column":83},"end":{"line":197,"column":102}},{"start":{"line":197,"column":102},"end":{"line":197,"column":114}}],"line":197},"27":{"loc":{"start":{"line":199,"column":35},"end":{"line":199,"column":null}},"type":"cond-expr","locations":[{"start":{"line":199,"column":54},"end":{"line":199,"column":68}},{"start":{"line":199,"column":68},"end":{"line":199,"column":null}}],"line":199},"28":{"loc":{"start":{"line":205,"column":17},"end":{"line":239,"column":null}},"type":"binary-expr","locations":[{"start":{"line":205,"column":17},"end":{"line":205,"column":46}},{"start":{"line":205,"column":46},"end":{"line":205,"column":null}},{"start":{"line":206,"column":20},"end":{"line":239,"column":null}}],"line":205},"29":{"loc":{"start":{"line":213,"column":52},"end":{"line":213,"column":null}},"type":"binary-expr","locations":[{"start":{"line":213,"column":52},"end":{"line":213,"column":80}},{"start":{"line":213,"column":80},"end":{"line":213,"column":108}},{"start":{"line":213,"column":108},"end":{"line":213,"column":null}}],"line":213},"30":{"loc":{"start":{"line":220,"column":105},"end":{"line":220,"column":141}},"type":"cond-expr","locations":[{"start":{"line":220,"column":119},"end":{"line":220,"column":131}},{"start":{"line":220,"column":131},"end":{"line":220,"column":141}}],"line":220},"31":{"loc":{"start":{"line":229,"column":64},"end":{"line":231,"column":null}},"type":"cond-expr","locations":[{"start":{"line":230,"column":58},"end":{"line":230,"column":null}},{"start":{"line":231,"column":58},"end":{"line":231,"column":null}}],"line":229},"32":{"loc":{"start":{"line":246,"column":25},"end":{"line":246,"column":74}},"type":"binary-expr","locations":[{"start":{"line":246,"column":25},"end":{"line":246,"column":68}},{"start":{"line":246,"column":68},"end":{"line":246,"column":74}}],"line":246},"33":{"loc":{"start":{"line":251,"column":17},"end":{"line":354,"column":null}},"type":"binary-expr","locations":[{"start":{"line":251,"column":17},"end":{"line":251,"column":null}},{"start":{"line":252,"column":20},"end":{"line":354,"column":null}}],"line":251},"34":{"loc":{"start":{"line":262,"column":29},"end":{"line":265,"column":null}},"type":"binary-expr","locations":[{"start":{"line":262,"column":29},"end":{"line":262,"column":null}},{"start":{"line":263,"column":32},"end":{"line":265,"column":null}}],"line":262},"35":{"loc":{"start":{"line":263,"column":64},"end":{"line":263,"column":119}},"type":"cond-expr","locations":[{"start":{"line":263,"column":82},"end":{"line":263,"column":101}},{"start":{"line":263,"column":101},"end":{"line":263,"column":119}}],"line":263},"36":{"loc":{"start":{"line":264,"column":37},"end":{"line":264,"column":65}},"type":"cond-expr","locations":[{"start":{"line":264,"column":55},"end":{"line":264,"column":61}},{"start":{"line":264,"column":61},"end":{"line":264,"column":65}}],"line":264},"37":{"loc":{"start":{"line":272,"column":32},"end":{"line":272,"column":null}},"type":"if","locations":[{"start":{"line":272,"column":32},"end":{"line":272,"column":null}},{"start":{},"end":{}}],"line":272},"38":{"loc":{"start":{"line":280,"column":52},"end":{"line":280,"column":null}},"type":"cond-expr","locations":[{"start":{"line":280,"column":63},"end":{"line":280,"column":93}},{"start":{"line":280,"column":93},"end":{"line":280,"column":null}}],"line":280},"39":{"loc":{"start":{"line":281,"column":56},"end":{"line":281,"column":null}},"type":"cond-expr","locations":[{"start":{"line":281,"column":67},"end":{"line":281,"column":87}},{"start":{"line":281,"column":87},"end":{"line":281,"column":null}}],"line":281},"40":{"loc":{"start":{"line":299,"column":25},"end":{"line":352,"column":null}},"type":"binary-expr","locations":[{"start":{"line":299,"column":25},"end":{"line":299,"column":37}},{"start":{"line":299,"column":37},"end":{"line":299,"column":null}},{"start":{"line":300,"column":28},"end":{"line":352,"column":null}}],"line":299},"41":{"loc":{"start":{"line":304,"column":33},"end":{"line":350,"column":null}},"type":"cond-expr","locations":[{"start":{"line":305,"column":36},"end":{"line":310,"column":null}},{"start":{"line":311,"column":36},"end":{"line":350,"column":null}}],"line":304},"42":{"loc":{"start":{"line":311,"column":36},"end":{"line":350,"column":null}},"type":"cond-expr","locations":[{"start":{"line":312,"column":36},"end":{"line":312,"column":null}},{"start":{"line":314,"column":36},"end":{"line":350,"column":null}}],"line":311},"43":{"loc":{"start":{"line":340,"column":74},"end":{"line":340,"column":88}},"type":"binary-expr","locations":[{"start":{"line":340,"column":74},"end":{"line":340,"column":86}},{"start":{"line":340,"column":86},"end":{"line":340,"column":88}}],"line":340},"44":{"loc":{"start":{"line":342,"column":61},"end":{"line":344,"column":null}},"type":"cond-expr","locations":[{"start":{"line":343,"column":66},"end":{"line":343,"column":null}},{"start":{"line":344,"column":66},"end":{"line":344,"column":null}}],"line":342},"45":{"loc":{"start":{"line":342,"column":61},"end":{"line":342,"column":null}},"type":"binary-expr","locations":[{"start":{"line":342,"column":61},"end":{"line":342,"column":81}},{"start":{"line":342,"column":81},"end":{"line":342,"column":null}}],"line":342}},"s":{"0":2,"1":20,"2":20,"3":20,"4":18,"5":2,"6":2,"7":2,"8":2,"9":2,"10":1,"11":1,"12":34,"13":34,"14":218,"15":218,"16":218,"17":218,"18":218,"19":218,"20":218,"21":218,"22":218,"23":41,"24":218,"25":89,"26":218,"27":3,"28":3,"29":3,"30":3,"31":2,"32":2,"33":3,"34":0,"35":1,"36":1,"37":0,"38":3,"39":218,"40":6,"41":1,"42":1,"43":1,"44":5,"45":5,"46":5,"47":5,"48":4,"49":1,"50":5,"51":218,"52":23,"53":22,"54":218,"55":218,"56":218,"57":218,"58":89,"59":89,"60":89,"61":624,"62":624,"63":601,"64":23,"65":23,"66":6,"67":24,"68":6,"69":36},"f":{"0":20,"1":34,"2":218,"3":41,"4":0,"5":89,"6":3,"7":0,"8":0,"9":6,"10":23,"11":22,"12":89,"13":624,"14":6,"15":24,"16":6,"17":36},"b":{"0":[18,2],"1":[0,2],"2":[1,1],"3":[34],"4":[34,13],"5":[1,33],"6":[174,44],"7":[1,5],"8":[4,0],"9":[156,62],"10":[20,198],"11":[20,198],"12":[10,208],"13":[218,44],"14":[218,174],"15":[218,44],"16":[218,44],"17":[218,3],"18":[218,215],"19":[3,215],"20":[0,218],"21":[218,174],"22":[218,44],"23":[218,174],"24":[218,174],"25":[218,174],"26":[46,172],"27":[46,172],"28":[218,174,44],"29":[89,2,1],"30":[88,1],"31":[88,1],"32":[218,44],"33":[218,156],"34":[156,20],"35":[1,19],"36":[1,19],"37":[601,23],"38":[10,13],"39":[10,13],"40":[156,10,10],"41":[5,5],"42":[1,4],"43":[36,13],"44":[2,34],"45":[36,2]},"meta":{"lastBranch":46,"lastFunction":18,"lastStatement":70,"seen":{"s:12:102:17:Infinity":0,"f:19:9:19:17":0,"s:20:17:20:Infinity":1,"s:21:17:21:Infinity":2,"b:22:4:22:Infinity:undefined:undefined:undefined:undefined":0,"s:22:4:22:Infinity":3,"s:22:18:22:Infinity":4,"b:23:4:23:Infinity:undefined:undefined:undefined:undefined":1,"s:23:4:23:Infinity":5,"s:23:19:23:Infinity":6,"s:24:16:24:Infinity":7,"b:25:4:25:Infinity:undefined:undefined:undefined:undefined":2,"s:25:4:25:Infinity":8,"s:25:18:25:Infinity":9,"s:26:17:26:Infinity":10,"s:27:4:27:Infinity":11,"f:30:9:30:18":1,"b:30:38:30:50":3,"s:31:14:31:Infinity":12,"b:31:21:31:28:31:28:31:31":4,"s:32:4:32:Infinity":13,"b:32:28:32:52:32:52:32:Infinity":5,"f:35:24:35:37":2,"s:36:18:36:Infinity":14,"s:37:18:37:Infinity":15,"s:38:32:38:Infinity":16,"s:39:32:39:Infinity":17,"s:42:20:42:Infinity":18,"s:43:32:43:Infinity":19,"s:44:34:44:Infinity":20,"s:45:40:45:Infinity":21,"s:47:4:49:Infinity":22,"f:47:14:47:20":3,"s:48:8:48:Infinity":23,"f:48:40:48:46":4,"s:52:23:54:Infinity":24,"b:53:10:53:Infinity:54:10:54:Infinity":6,"f:53:57:53:58":5,"s:53:67:53:74":25,"s:56:29:70:Infinity":26,"f:56:29:56:41":6,"s:57:8:57:Infinity":27,"s:58:8:58:Infinity":28,"s:59:8:69:Infinity":29,"s:60:27:60:Infinity":30,"s:61:12:61:Infinity":31,"s:62:12:62:Infinity":32,"s:63:12:63:Infinity":33,"f:63:23:63:29":7,"s:63:29:63:48":34,"s:65:12:65:Infinity":35,"s:66:12:66:Infinity":36,"f:66:23:66:29":8,"s:66:29:66:48":37,"s:68:12:68:Infinity":38,"s:72:28:88:Infinity":39,"f:72:28:72:35":9,"b:73:8:77:Infinity:undefined:undefined:undefined:undefined":7,"s:73:8:77:Infinity":40,"s:74:12:74:Infinity":41,"s:75:12:75:Infinity":42,"s:76:12:76:Infinity":43,"s:78:8:78:Infinity":44,"s:79:8:79:Infinity":45,"s:80:8:87:Infinity":46,"s:81:25:81:Infinity":47,"s:82:12:82:Infinity":48,"b:82:25:82:38:82:38:82:40":8,"s:84:12:84:Infinity":49,"s:86:12:86:Infinity":50,"s:91:29:93:Infinity":51,"b:92:10:92:Infinity:93:10:93:Infinity":9,"f:92:35:92:36":10,"s:92:42:92:50":52,"f:92:56:92:57":11,"s:92:63:92:92":53,"s:94:23:94:Infinity":54,"b:94:53:94:109:94:109:94:Infinity":10,"s:95:22:95:Infinity":55,"b:95:35:95:57:95:57:95:Infinity":11,"s:96:25:96:Infinity":56,"b:96:36:96:59:96:59:96:Infinity":12,"s:98:4:357:Infinity":57,"b:118:30:118:65:118:65:118:Infinity":13,"b:124:29:124:54:124:54:124:Infinity":14,"b:130:30:130:67:130:67:130:Infinity":15,"b:136:29:136:70:136:70:136:Infinity":16,"b:148:29:148:Infinity:149:32:149:Infinity":17,"b:154:42:154:54:154:54:154:Infinity":18,"b:159:36:161:Infinity:163:36:165:Infinity":19,"b:173:118:173:130:173:130:173:140":20,"b:173:81:173:108:173:108:173:113":21,"b:174:33:174:72:174:72:174:78":22,"b:182:46:182:73:182:73:182:74":23,"b:189:33:189:48:189:48:189:50":24,"b:192:33:192:50:192:50:192:52":25,"b:197:83:197:102:197:102:197:114":26,"b:199:54:199:68:199:68:199:Infinity":27,"b:205:17:205:46:205:46:205:Infinity:206:20:239:Infinity":28,"f:211:74:211:75":12,"s:212:38:212:Infinity":58,"s:213:52:213:Infinity":59,"b:213:52:213:80:213:80:213:108:213:108:213:Infinity":29,"s:214:32:235:Infinity":60,"b:220:119:220:131:220:131:220:141":30,"b:230:58:230:Infinity:231:58:231:Infinity":31,"b:246:25:246:68:246:68:246:74":32,"b:251:17:251:Infinity:252:20:354:Infinity":33,"b:262:29:262:Infinity:263:32:265:Infinity":34,"b:263:82:263:101:263:101:263:119":35,"b:264:55:264:61:264:61:264:65":36,"f:270:60:270:61":13,"s:271:46:271:Infinity":61,"b:272:32:272:Infinity:undefined:undefined:undefined:undefined":37,"s:272:32:272:Infinity":62,"s:272:44:272:Infinity":63,"s:273:49:273:Infinity":64,"s:274:32:293:Infinity":65,"f:277:49:277:55":14,"s:277:55:277:Infinity":66,"b:280:63:280:93:280:93:280:Infinity":38,"b:281:67:281:87:281:87:281:Infinity":39,"b:299:25:299:37:299:37:299:Infinity:300:28:352:Infinity":40,"b:305:36:310:Infinity:311:36:350:Infinity":41,"b:312:36:312:Infinity:314:36:350:Infinity":42,"f:317:74:317:75":15,"s:318:52:324:Infinity":67,"f:329:59:329:60":16,"s:330:48:347:Infinity":68,"f:335:78:335:79":17,"s:336:56:345:Infinity":69,"b:340:74:340:86:340:86:340:88":43,"b:343:66:343:Infinity:344:66:344:Infinity":44,"b:342:61:342:81:342:81:342:Infinity":45}}}
,"/Users/edycu/.gemini/antigravity/playground/static-corona/frontend/src/components/ThoughtStream.tsx": {"path":"/Users/edycu/.gemini/antigravity/playground/static-corona/frontend/src/components/ThoughtStream.tsx","statementMap":{"0":{"start":{"line":11,"column":83},"end":{"line":16,"column":null}},"1":{"start":{"line":18,"column":44},"end":{"line":23,"column":null}},"2":{"start":{"line":26,"column":47},"end":{"line":53,"column":null}},"3":{"start":{"line":56,"column":4},"end":{"line":60,"column":null}},"4":{"start":{"line":57,"column":8},"end":{"line":59,"column":null}},"5":{"start":{"line":58,"column":12},"end":{"line":58,"column":null}},"6":{"start":{"line":61,"column":4},"end":{"line":61,"column":null}},"7":{"start":{"line":65,"column":20},"end":{"line":65,"column":null}},"8":{"start":{"line":66,"column":18},"end":{"line":66,"column":null}},"9":{"start":{"line":67,"column":4},"end":{"line":69,"column":null}},"10":{"start":{"line":68,"column":8},"end":{"line":68,"column":null}},"11":{"start":{"line":70,"column":4},"end":{"line":70,"column":null}},"12":{"start":{"line":74,"column":30},"end":{"line":74,"column":null}},"13":{"start":{"line":76,"column":20},"end":{"line":82,"column":null}},"14":{"start":{"line":77,"column":8},"end":{"line":77,"column":null}},"15":{"start":{"line":77,"column":34},"end":{"line":77,"column":null}},"16":{"start":{"line":78,"column":8},"end":{"line":78,"column":null}},"17":{"start":{"line":78,"column":34},"end":{"line":78,"column":null}},"18":{"start":{"line":79,"column":8},"end":{"line":79,"column":null}},"19":{"start":{"line":79,"column":34},"end":{"line":79,"column":null}},"20":{"start":{"line":80,"column":8},"end":{"line":80,"column":null}},"21":{"start":{"line":80,"column":34},"end":{"line":80,"column":null}},"22":{"start":{"line":81,"column":8},"end":{"line":81,"column":null}},"23":{"start":{"line":84,"column":21},"end":{"line":90,"column":null}},"24":{"start":{"line":85,"column":8},"end":{"line":85,"column":null}},"25":{"start":{"line":85,"column":34},"end":{"line":85,"column":null}},"26":{"start":{"line":86,"column":8},"end":{"line":86,"column":null}},"27":{"start":{"line":86,"column":34},"end":{"line":86,"column":null}},"28":{"start":{"line":87,"column":8},"end":{"line":87,"column":null}},"29":{"start":{"line":87,"column":34},"end":{"line":87,"column":null}},"30":{"start":{"line":88,"column":8},"end":{"line":88,"column":null}},"31":{"start":{"line":88,"column":34},"end":{"line":88,"column":null}},"32":{"start":{"line":89,"column":8},"end":{"line":89,"column":null}},"33":{"start":{"line":92,"column":4},"end":{"line":186,"column":null}},"34":{"start":{"line":109,"column":39},"end":{"line":109,"column":null}},"35":{"start":{"line":148,"column":51},"end":{"line":148,"column":null}},"36":{"start":{"line":149,"column":43},"end":{"line":149,"column":null}},"37":{"start":{"line":150,"column":42},"end":{"line":150,"column":null}},"38":{"start":{"line":151,"column":47},"end":{"line":151,"column":null}},"39":{"start":{"line":153,"column":24},"end":{"line":169,"column":null}}},"fnMap":{"0":{"name":"simplifyForUser","decl":{"start":{"line":55,"column":9},"end":{"line":55,"column":25}},"loc":{"start":{"line":55,"column":53},"end":{"line":62,"column":null}},"line":55},"1":{"name":"parseAgentName","decl":{"start":{"line":64,"column":9},"end":{"line":64,"column":24}},"loc":{"start":{"line":64,"column":81},"end":{"line":71,"column":null}},"line":64},"2":{"name":"ThoughtStream","decl":{"start":{"line":73,"column":24},"end":{"line":73,"column":38}},"loc":{"start":{"line":73,"column":80},"end":{"line":188,"column":null}},"line":73},"3":{"name":"(anonymous_3)","decl":{"start":{"line":76,"column":20},"end":{"line":76,"column":21}},"loc":{"start":{"line":76,"column":38},"end":{"line":82,"column":null}},"line":76},"4":{"name":"(anonymous_4)","decl":{"start":{"line":84,"column":21},"end":{"line":84,"column":22}},"loc":{"start":{"line":84,"column":39},"end":{"line":90,"column":null}},"line":84},"5":{"name":"(anonymous_5)","decl":{"start":{"line":109,"column":33},"end":{"line":109,"column":39}},"loc":{"start":{"line":109,"column":39},"end":{"line":109,"column":null}},"line":109},"6":{"name":"(anonymous_6)","decl":{"start":{"line":147,"column":33},"end":{"line":147,"column":34}},"loc":{"start":{"line":147,"column":46},"end":{"line":171,"column":21}},"line":147}},"branchMap":{"0":{"loc":{"start":{"line":57,"column":8},"end":{"line":59,"column":null}},"type":"if","locations":[{"start":{"line":57,"column":8},"end":{"line":59,"column":null}},{"start":{},"end":{}}],"line":57},"1":{"loc":{"start":{"line":67,"column":4},"end":{"line":69,"column":null}},"type":"if","locations":[{"start":{"line":67,"column":4},"end":{"line":69,"column":null}},{"start":{},"end":{}}],"line":67},"2":{"loc":{"start":{"line":67,"column":8},"end":{"line":67,"column":41}},"type":"binary-expr","locations":[{"start":{"line":67,"column":8},"end":{"line":67,"column":17}},{"start":{"line":67,"column":17},"end":{"line":67,"column":41}}],"line":67},"3":{"loc":{"start":{"line":77,"column":8},"end":{"line":77,"column":null}},"type":"if","locations":[{"start":{"line":77,"column":8},"end":{"line":77,"column":null}},{"start":{},"end":{}}],"line":77},"4":{"loc":{"start":{"line":78,"column":8},"end":{"line":78,"column":null}},"type":"if","locations":[{"start":{"line":78,"column":8},"end":{"line":78,"column":null}},{"start":{},"end":{}}],"line":78},"5":{"loc":{"start":{"line":79,"column":8},"end":{"line":79,"column":null}},"type":"if","locations":[{"start":{"line":79,"column":8},"end":{"line":79,"column":null}},{"start":{},"end":{}}],"line":79},"6":{"loc":{"start":{"line":80,"column":8},"end":{"line":80,"column":null}},"type":"if","locations":[{"start":{"line":80,"column":8},"end":{"line":80,"column":null}},{"start":{},"end":{}}],"line":80},"7":{"loc":{"start":{"line":85,"column":8},"end":{"line":85,"column":null}},"type":"if","locations":[{"start":{"line":85,"column":8},"end":{"line":85,"column":null}},{"start":{},"end":{}}],"line":85},"8":{"loc":{"start":{"line":86,"column":8},"end":{"line":86,"column":null}},"type":"if","locations":[{"start":{"line":86,"column":8},"end":{"line":86,"column":null}},{"start":{},"end":{}}],"line":86},"9":{"loc":{"start":{"line":87,"column":8},"end":{"line":87,"column":null}},"type":"if","locations":[{"start":{"line":87,"column":8},"end":{"line":87,"column":null}},{"start":{},"end":{}}],"line":87},"10":{"loc":{"start":{"line":88,"column":8},"end":{"line":88,"column":null}},"type":"if","locations":[{"start":{"line":88,"column":8},"end":{"line":88,"column":null}},{"start":{},"end":{}}],"line":88},"11":{"loc":{"start":{"line":103,"column":25},"end":{"line":103,"column":null}},"type":"cond-expr","locations":[{"start":{"line":103,"column":35},"end":{"line":103,"column":55}},{"start":{"line":103,"column":55},"end":{"line":103,"column":null}}],"line":103},"12":{"loc":{"start":{"line":110,"column":156},"end":{"line":112,"column":null}},"type":"cond-expr","locations":[{"start":{"line":111,"column":30},"end":{"line":111,"column":null}},{"start":{"line":112,"column":30},"end":{"line":112,"column":null}}],"line":110},"13":{"loc":{"start":{"line":114,"column":31},"end":{"line":114,"column":null}},"type":"cond-expr","locations":[{"start":{"line":114,"column":41},"end":{"line":114,"column":74}},{"start":{"line":114,"column":74},"end":{"line":114,"column":null}}],"line":114},"14":{"loc":{"start":{"line":116,"column":31},"end":{"line":116,"column":52}},"type":"cond-expr","locations":[{"start":{"line":116,"column":41},"end":{"line":116,"column":47}},{"start":{"line":116,"column":47},"end":{"line":116,"column":52}}],"line":116},"15":{"loc":{"start":{"line":117,"column":25},"end":{"line":117,"column":null}},"type":"cond-expr","locations":[{"start":{"line":117,"column":35},"end":{"line":117,"column":43}},{"start":{"line":117,"column":43},"end":{"line":117,"column":null}}],"line":117},"16":{"loc":{"start":{"line":120,"column":21},"end":{"line":124,"column":null}},"type":"binary-expr","locations":[{"start":{"line":120,"column":21},"end":{"line":120,"column":null}},{"start":{"line":121,"column":24},"end":{"line":124,"column":null}}],"line":120},"17":{"loc":{"start":{"line":126,"column":21},"end":{"line":127,"column":null}},"type":"binary-expr","locations":[{"start":{"line":126,"column":21},"end":{"line":126,"column":null}},{"start":{"line":127,"column":24},"end":{"line":127,"column":null}}],"line":126},"18":{"loc":{"start":{"line":129,"column":21},"end":{"line":130,"column":null}},"type":"binary-expr","locations":[{"start":{"line":129,"column":21},"end":{"line":129,"column":null}},{"start":{"line":130,"column":24},"end":{"line":130,"column":null}}],"line":129},"19":{"loc":{"start":{"line":132,"column":21},"end":{"line":133,"column":null}},"type":"binary-expr","locations":[{"start":{"line":132,"column":21},"end":{"line":132,"column":null}},{"start":{"line":133,"column":24},"end":{"line":133,"column":null}}],"line":132},"20":{"loc":{"start":{"line":140,"column":17},"end":{"line":171,"column":null}},"type":"cond-expr","locations":[{"start":{"line":141,"column":20},"end":{"line":145,"column":null}},{"start":{"line":147,"column":20},"end":{"line":171,"column":null}}],"line":140},"21":{"loc":{"start":{"line":149,"column":43},"end":{"line":149,"column":null}},"type":"cond-expr","locations":[{"start":{"line":149,"column":51},"end":{"line":149,"column":73}},{"start":{"line":149,"column":73},"end":{"line":149,"column":null}}],"line":149},"22":{"loc":{"start":{"line":150,"column":42},"end":{"line":150,"column":null}},"type":"cond-expr","locations":[{"start":{"line":150,"column":50},"end":{"line":150,"column":71}},{"start":{"line":150,"column":71},"end":{"line":150,"column":null}}],"line":150},"23":{"loc":{"start":{"line":151,"column":47},"end":{"line":151,"column":null}},"type":"cond-expr","locations":[{"start":{"line":151,"column":57},"end":{"line":151,"column":67}},{"start":{"line":151,"column":67},"end":{"line":151,"column":null}}],"line":151},"24":{"loc":{"start":{"line":159,"column":37},"end":{"line":163,"column":null}},"type":"binary-expr","locations":[{"start":{"line":159,"column":37},"end":{"line":159,"column":48}},{"start":{"line":159,"column":48},"end":{"line":159,"column":null}},{"start":{"line":160,"column":40},"end":{"line":163,"column":null}}],"line":159},"25":{"loc":{"start":{"line":165,"column":99},"end":{"line":165,"column":141}},"type":"cond-expr","locations":[{"start":{"line":165,"column":109},"end":{"line":165,"column":130}},{"start":{"line":165,"column":130},"end":{"line":165,"column":141}}],"line":165},"26":{"loc":{"start":{"line":176,"column":13},"end":{"line":184,"column":null}},"type":"binary-expr","locations":[{"start":{"line":176,"column":13},"end":{"line":176,"column":null}},{"start":{"line":177,"column":16},"end":{"line":184,"column":null}}],"line":176},"27":{"loc":{"start":{"line":179,"column":49},"end":{"line":179,"column":null}},"type":"cond-expr","locations":[{"start":{"line":179,"column":59},"end":{"line":179,"column":73}},{"start":{"line":179,"column":73},"end":{"line":179,"column":null}}],"line":179},"28":{"loc":{"start":{"line":182,"column":25},"end":{"line":182,"column":null}},"type":"cond-expr","locations":[{"start":{"line":182,"column":35},"end":{"line":182,"column":53}},{"start":{"line":182,"column":53},"end":{"line":182,"column":null}}],"line":182}},"s":{"0":2,"1":2,"2":2,"3":43,"4":911,"5":10,"6":33,"7":45,"8":45,"9":45,"10":12,"11":33,"12":194,"13":194,"14":45,"15":10,"16":35,"17":11,"18":24,"19":2,"20":22,"21":2,"22":20,"23":194,"24":45,"25":10,"26":35,"27":11,"28":24,"29":2,"30":22,"31":2,"32":20,"33":194,"34":2,"35":45,"36":45,"37":45,"38":45,"39":45},"f":{"0":43,"1":45,"2":194,"3":45,"4":45,"5":2,"6":45},"b":{"0":[10,901],"1":[12,33],"2":[45,12],"3":[10,35],"4":[11,24],"5":[2,22],"6":[2,20],"7":[10,35],"8":[11,24],"9":[2,22],"10":[2,20],"11":[2,192],"12":[2,192],"13":[2,192],"14":[2,192],"15":[2,192],"16":[194,22],"17":[194,8],"18":[194,10],"19":[194,2],"20":[157,37],"21":[12,33],"22":[12,33],"23":[2,43],"24":[45,2,2],"25":[2,43],"26":[194,37],"27":[2,35],"28":[2,35]},"meta":{"lastBranch":29,"lastFunction":7,"lastStatement":40,"seen":{"s:11:83:16:Infinity":0,"s:18:44:23:Infinity":1,"s:26:47:53:Infinity":2,"f:55:9:55:25":0,"s:56:4:60:Infinity":3,"b:57:8:59:Infinity:undefined:undefined:undefined:undefined":0,"s:57:8:59:Infinity":4,"s:58:12:58:Infinity":5,"s:61:4:61:Infinity":6,"f:64:9:64:24":1,"s:65:20:65:Infinity":7,"s:66:18:66:Infinity":8,"b:67:4:69:Infinity:undefined:undefined:undefined:undefined":1,"s:67:4:69:Infinity":9,"b:67:8:67:17:67:17:67:41":2,"s:68:8:68:Infinity":10,"s:70:4:70:Infinity":11,"f:73:24:73:38":2,"s:74:30:74:Infinity":12,"s:76:20:82:Infinity":13,"f:76:20:76:21":3,"b:77:8:77:Infinity:undefined:undefined:undefined:undefined":3,"s:77:8:77:Infinity":14,"s:77:34:77:Infinity":15,"b:78:8:78:Infinity:undefined:undefined:undefined:undefined":4,"s:78:8:78:Infinity":16,"s:78:34:78:Infinity":17,"b:79:8:79:Infinity:undefined:undefined:undefined:undefined":5,"s:79:8:79:Infinity":18,"s:79:34:79:Infinity":19,"b:80:8:80:Infinity:undefined:undefined:undefined:undefined":6,"s:80:8:80:Infinity":20,"s:80:34:80:Infinity":21,"s:81:8:81:Infinity":22,"s:84:21:90:Infinity":23,"f:84:21:84:22":4,"b:85:8:85:Infinity:undefined:undefined:undefined:undefined":7,"s:85:8:85:Infinity":24,"s:85:34:85:Infinity":25,"b:86:8:86:Infinity:undefined:undefined:undefined:undefined":8,"s:86:8:86:Infinity":26,"s:86:34:86:Infinity":27,"b:87:8:87:Infinity:undefined:undefined:undefined:undefined":9,"s:87:8:87:Infinity":28,"s:87:34:87:Infinity":29,"b:88:8:88:Infinity:undefined:undefined:undefined:undefined":10,"s:88:8:88:Infinity":30,"s:88:34:88:Infinity":31,"s:89:8:89:Infinity":32,"s:92:4:186:Infinity":33,"b:103:35:103:55:103:55:103:Infinity":11,"f:109:33:109:39":5,"s:109:39:109:Infinity":34,"b:111:30:111:Infinity:112:30:112:Infinity":12,"b:114:41:114:74:114:74:114:Infinity":13,"b:116:41:116:47:116:47:116:52":14,"b:117:35:117:43:117:43:117:Infinity":15,"b:120:21:120:Infinity:121:24:124:Infinity":16,"b:126:21:126:Infinity:127:24:127:Infinity":17,"b:129:21:129:Infinity:130:24:130:Infinity":18,"b:132:21:132:Infinity:133:24:133:Infinity":19,"b:141:20:145:Infinity:147:20:171:Infinity":20,"f:147:33:147:34":6,"s:148:51:148:Infinity":35,"s:149:43:149:Infinity":36,"b:149:51:149:73:149:73:149:Infinity":21,"s:150:42:150:Infinity":37,"b:150:50:150:71:150:71:150:Infinity":22,"s:151:47:151:Infinity":38,"b:151:57:151:67:151:67:151:Infinity":23,"s:153:24:169:Infinity":39,"b:159:37:159:48:159:48:159:Infinity:160:40:163:Infinity":24,"b:165:109:165:130:165:130:165:141":25,"b:176:13:176:Infinity:177:16:184:Infinity":26,"b:179:59:179:73:179:73:179:Infinity":27,"b:182:35:182:53:182:53:182:Infinity":28}}}
,"/Users/edycu/.gemini/antigravity/playground/static-corona/frontend/src/components/TicketHistory.tsx": {"path":"/Users/edycu/.gemini/antigravity/playground/static-corona/frontend/src/components/TicketHistory.tsx","statementMap":{"0":{"start":{"line":13,"column":17},"end":{"line":13,"column":null}},"1":{"start":{"line":14,"column":4},"end":{"line":14,"column":null}},"2":{"start":{"line":14,"column":19},"end":{"line":14,"column":null}},"3":{"start":{"line":15,"column":4},"end":{"line":15,"column":null}},"4":{"start":{"line":15,"column":21},"end":{"line":15,"column":null}},"5":{"start":{"line":16,"column":4},"end":{"line":16,"column":null}},"6":{"start":{"line":16,"column":22},"end":{"line":16,"column":null}},"7":{"start":{"line":17,"column":4},"end":{"line":17,"column":null}},"8":{"start":{"line":21,"column":32},"end":{"line":21,"column":null}},"9":{"start":{"line":23,"column":4},"end":{"line":23,"column":null}},"10":{"start":{"line":23,"column":30},"end":{"line":23,"column":null}},"11":{"start":{"line":25,"column":4},"end":{"line":126,"column":null}},"12":{"start":{"line":29,"column":31},"end":{"line":29,"column":null}},"13":{"start":{"line":29,"column":50},"end":{"line":29,"column":52}},"14":{"start":{"line":55,"column":28},"end":{"line":55,"column":null}},"15":{"start":{"line":56,"column":28},"end":{"line":56,"column":null}},"16":{"start":{"line":96,"column":24},"end":{"line":122,"column":null}},"17":{"start":{"line":98,"column":43},"end":{"line":98,"column":null}}},"fnMap":{"0":{"name":"relativeTime","decl":{"start":{"line":12,"column":9},"end":{"line":12,"column":22}},"loc":{"start":{"line":12,"column":42},"end":{"line":18,"column":null}},"line":12},"1":{"name":"TicketHistory","decl":{"start":{"line":20,"column":24},"end":{"line":20,"column":38}},"loc":{"start":{"line":20,"column":90},"end":{"line":128,"column":null}},"line":20},"2":{"name":"(anonymous_2)","decl":{"start":{"line":29,"column":25},"end":{"line":29,"column":31}},"loc":{"start":{"line":29,"column":31},"end":{"line":29,"column":null}},"line":29},"3":{"name":"(anonymous_3)","decl":{"start":{"line":29,"column":43},"end":{"line":29,"column":44}},"loc":{"start":{"line":29,"column":50},"end":{"line":29,"column":52}},"line":29},"4":{"name":"(anonymous_4)","decl"
[...]
mn":33},"end":{"line":95,"column":34}},"loc":{"start":{"line":96,"column":24},"end":{"line":122,"column":null}},"line":96},"6":{"name":"(anonymous_6)","decl":{"start":{"line":98,"column":37},"end":{"line":98,"column":43}},"loc":{"start":{"line":98,"column":43},"end":{"line":98,"column":null}},"line":98}},"branchMap":{"0":{"loc":{"start":{"line":14,"column":4},"end":{"line":14,"column":null}},"type":"if","locations":[{"start":{"line":14,"column":4},"end":{"line":14,"column":null}},{"start":{},"end":{}}],"line":14},"1":{"loc":{"start":{"line":15,"column":4},"end":{"line":15,"column":null}},"type":"if","locations":[{"start":{"line":15,"column":4},"end":{"line":15,"column":null}},{"start":{},"end":{}}],"line":15},"2":{"loc":{"start":{"line":16,"column":4},"end":{"line":16,"column":null}},"type":"if","locations":[{"start":{"line":16,"column":4},"end":{"line":16,"column":null}},{"start":{},"end":{}}],"line":16},"3":{"loc":{"start":{"line":23,"column":4},"end":{"line":23,"column":null}},"type":"if","locations":[{"start":{"line":23,"column":4},"end":{"line":23,"column":null}},{"start":{},"end":{}}],"line":23},"4":{"loc":{"start":{"line":78,"column":39},"end":{"line":78,"column":null}},"type":"cond-expr","locations":[{"start":{"line":78,"column":50},"end":{"line":78,"column":69}},{"start":{"line":78,"column":69},"end":{"line":78,"column":null}}],"line":78},"5":{"loc":{"start":{"line":91,"column":31},"end":{"line":91,"column":null}},"type":"cond-expr","locations":[{"start":{"line":91,"column":42},"end":{"line":91,"column":75}},{"start":{"line":91,"column":75},"end":{"line":91,"column":null}}],"line":91},"6":{"loc":{"start":{"line":105,"column":52},"end":{"line":105,"column":null}},"type":"cond-expr","locations":[{"start":{"line":105,"column":83},"end":{"line":105,"column":108}},{"start":{"line":105,"column":108},"end":{"line":105,"column":null}}],"line":105},"7":{"loc":{"start":{"line":110,"column":41},"end":{"line":110,"column":null}},"type":"cond-expr","locations":[{"start":{"line":110,"column":69},"end":{"line":110,"column":104}},{"start":{"line":110,"column":104},"end":{"line":110,"column":null}}],"line":110},"8":{"loc":{"start":{"line":112,"column":37},"end":{"line":115,"column":null}},"type":"binary-expr","locations":[{"start":{"line":112,"column":37},"end":{"line":112,"column":null}},{"start":{"line":113,"column":40},"end":{"line":115,"column":null}}],"line":112}},"s":{"0":459,"1":459,"2":443,"3":16,"4":16,"5":15,"6":15,"7":1,"8":190,"9":190,"10":63,"11":127,"12":7,"13":7,"14":1,"15":1,"16":459,"17":1},"f":{"0":459,"1":190,"2":7,"3":7,"4":1,"5":459,"6":1},"b":{"0":[443,16],"1":[1,15],"2":[14,1],"3":[63,127],"4":[6,121],"5":[6,121],"6":[298,161],"7":[377,82],"8":[459,440]},"meta":{"lastBranch":9,"lastFunction":7,"lastStatement":18,"seen":{"f:12:9:12:22":0,"s:13:17:13:Infinity":0,"b:14:4:14:Infinity:undefined:undefined:undefined:undefined":0,"s:14:4:14:Infinity":1,"s:14:19:14:Infinity":2,"b:15:4:15:Infinity:undefined:undefined:undefined:undefined":1,"s:15:4:15:Infinity":3,"s:15:21:15:Infinity":4,"b:16:4:16:Infinity:undefined:undefined:undefined:undefined":2,"s:16:4:16:Infinity":5,"s:16:22:16:Infinity":6,"s:17:4:17:Infinity":7,"f:20:24:20:38":1,"s:21:32:21:Infinity":8,"b:23:4:23:Infinity:undefined:undefined:undefined:undefined":3,"s:23:4:23:Infinity":9,"s:23:30:23:Infinity":10,"s:25:4:126:Infinity":11,"f:29:25:29:31":2,"s:29:31:29:Infinity":12,"f:29:43:29:44":3,"s:29:50:29:52":13,"f:54:33:54:34":4,"s:55:28:55:Infinity":14,"s:56:28:56:Infinity":15,"b:78:50:78:69:78:69:78:Infinity":4,"b:91:42:91:75:91:75:91:Infinity":5,"f:95:33:95:34":5,"s:96:24:122:Infinity":16,"f:98:37:98:43":6,"s:98:43:98:Infinity":17,"b:105:83:105:108:105:108:105:Infinity":6,"b:110:69:110:104:110:104:110:Infinity":7,"b:112:37:112:Infinity:113:40:115:Infinity":8}}}
,"/Users/edycu/.gemini/antigravity/playground/static-corona/frontend/src/hooks/useTicketHistory.ts": {"path":"/Users/edycu/.gemini/antigravity/playground/static-corona/frontend/src/hooks/useTicketHistory.ts","statementMap":{"0":{"start":{"line":12,"column":20},"end":{"line":12,"column":null}},"1":{"start":{"line":13,"column":20},"end":{"line":13,"column":null}},"2":{"start":{"line":16,"column":4},"end":{"line":16,"column":null}},"3":{"start":{"line":16,"column":39},"end":{"line":16,"column":null}},"4":{"start":{"line":17,"column":4},"end":{"line":22,"column":null}},"5":{"start":{"line":18,"column":20},"end":{"line":18,"column":null}},"6":{"start":{"line":19,"column":8},"end":{"line":19,"column":null}},"7":{"start":{"line":21,"column":8},"end":{"line":21,"column":null}},"8":{"start":{"line":26,"column":4},"end":{"line":30,"column":null}},"9":{"start":{"line":27,"column":8},"end":{"line":27,"column":null}},"10":{"start":{"line":34,"column":30},"end":{"line":34,"column":null}},"11":{"start":{"line":37,"column":4},"end":{"line":39,"column":null}},"12":{"start":{"line":38,"column":8},"end":{"line":38,"column":null}},"13":{"start":{"line":41,"column":10},"end":{"line":53,"column":null}},"14":{"start":{"line":43,"column":12},"end":{"line":50,"column":null}},"15":{"start":{"line":44,"column":29},"end":{"line":47,"column":null}},"16":{"start":{"line":48,"column":16},"end":{"line":48,"column":null}},"17":{"start":{"line":49,"column":16},"end":{"line":49,"column":null}},"18":{"start":{"line":55,"column":10},"end":{"line":62,"column":null}},"19":{"start":{"line":56,"column":8},"end":{"line":56,"column":null}},"20":{"start":{"line":57,"column":8},"end":{"line":61,"column":null}},"21":{"start":{"line":58,"column":12},"end":{"line":58,"column":null}},"22":{"start":{"line":64,"column":4},"end":{"line":64,"column":null}}},"fnMap":{"0":{"name":"loadEntries","decl":{"start":{"line":15,"column":9},"end":{"line":15,"column":45}},"loc":{"start":{"line":15,"column":45},"end":{"line":23,"column":null}},"line":15},"1":{"name":"persistEntries","decl":{"start":{"line":25,"column":9},"end":{"line":25,"column":24}},"loc":{"start":{"line":25,"column":55},"end":{"line":31,"column":null}},"line":25},"2":{"name":"useTicketHistory","decl":{"start":{"line":33,"column":16},"end":{"line":33,"column":35}},"loc":{"start":{"line":33,"column":35},"end":{"line":65,"column":null}},"line":33},"3":{"name":"(anonymous_3)","decl":{"start":{"line":37,"column":14},"end":{"line":37,"column":20}},"loc":{"start":{"line":37,"column":20},"end":{"line":39,"column":7}},"line":37},"4":{"name":"(anonymous_4)","decl":{"start":{"line":42,"column":8},"end":{"line":42,"column":9}},"loc":{"start":{"line":42,"column":58},"end":{"line":51,"column":null}},"line":42},"5":{"name":"(anonymous_5)","decl":{"start":{"line":43,"column":23},"end":{"line":43,"column":24}},"loc":{"start":{"line":43,"column":33},"end":{"line":50,"column":13}},"line":43},"6":{"name":"(anonymous_6)","decl":{"start":{"line":55,"column":37},"end":{"line":55,"column":43}},"loc":{"start":{"line":55,"column":43},"end":{"line":62,"column":7}},"line":55}},"branchMap":{"0":{"loc":{"start":{"line":16,"column":4},"end":{"line":16,"column":null}},"type":"if","locations":[{"start":{"line":16,"column":4},"end":{"line":16,"column":null}},{"start":{},"end":{}}],"line":16},"1":{"loc":{"start":{"line":19,"column":15},"end":{"line":19,"column":null}},"type":"cond-expr","locations":[{"start":{"line":19,"column":21},"end":{"line":19,"column":39}},{"start":{"line":19,"column":39},"end":{"line":19,"column":null}}],"line":19}},"s":{"0":2,"1":2,"2":31,"3":0,"4":31,"5":31,"6":31,"7":1,"8":24,"9":24,"10":200,"11":200,"12":31,"13":200,"14":24,"15":24,"16":24,"17":24,"18":200,"19":2,"20":2,"21":2,"22":200},"f":{"0":31,"1":24,"2":200,"3":31,"4":24,"5":24,"6":2},"b":{"0":[0,31],"1":[14,17]},"meta":{"lastBranch":2,"lastFunction":7,"lastStatement":23,"seen":{"s:12:20:12:Infinity":0,"s:13:20:13:Infinity":1,"f:15:9:15:45":0,"b:16:4:16:Infinity:undefined:undefined:undefined:undefined":0,"s:16:4:16:Infinity":2,"s:16:39:16:Infinity":3,"s:17:4:22:Infinity":4,"s:18:20:18:Infinity":5,"s:19:8:19:Infinity":6,"b:19:21:19:39:19:39:19:Infinity":1,"s:21:8:21:Infinity":7,"f:25:9:25:24":1,"s:26:4:30:Infinity":8,"s:27:8:27:Infinity":9,"f:33:16:33:35":2,"s:34:30:34:Infinity":10,"s:37:4:39:Infinity":11,"f:37:14:37:20":3,"s:38:8:38:Infinity":12,"s:41:10:53:Infinity":13,"f:42:8:42:9":4,"s:43:12:50:Infinity":14,"f:43:23:43:24":5,"s:44:29:47:Infinity":15,"s:48:16:48:Infinity":16,"s:49:16:49:Infinity":17,"s:55:10:62:Infinity":18,"f:55:37:55:43":6,"s:56:8:56:Infinity":19,"s:57:8:61:Infinity":20,"s:58:12:58:Infinity":21,"s:64:4:64:Infinity":22}}}
,"/Users/edycu/.gemini/antigravity/playground/static-corona/frontend/src/lib/api.ts": {"path":"/Users/edycu/.gemini/antigravity/playground/static-corona/frontend/src/lib/api.ts","statementMap":{"0":{"start":{"line":5,"column":16},"end":{"line":5,"column":null}},"1":{"start":{"line":76,"column":16},"end":{"line":80,"column":null}},"2":{"start":{"line":81,"column":4},"end":{"line":81,"column":null}},"3":{"start":{"line":81,"column":17},"end":{"line":81,"column":null}},"4":{"start":{"line":82,"column":4},"end":{"line":82,"column":null}},"5":{"start":{"line":87,"column":16},"end":{"line":87,"column":null}},"6":{"start":{"line":88,"column":4},"end":{"line":88,"column":null}},"7":{"start":{"line":88,"column":17},"end":{"line":88,"column":null}},"8":{"start":{"line":89,"column":4},"end":{"line":89,"column":null}},"9":{"start":{"line":98,"column":16},"end":{"line":102,"column":null}},"10":{"start":{"line":103,"column":4},"end":{"line":103,"column":null}},"11":{"start":{"line":103,"column":17},"end":{"line":103,"column":null}},"12":{"start":{"line":104,"column":4},"end":{"line":104,"column":null}},"13":{"start":{"line":109,"column":16},"end":{"line":109,"column":null}},"14":{"start":{"line":110,"column":4},"end":{"line":110,"column":null}},"15":{"start":{"line":110,"column":17},"end":{"line":110,"column":null}},"16":{"start":{"line":111,"column":4},"end":{"line":111,"column":null}},"17":{"start":{"line":116,"column":16},"end":{"line":116,"column":null}},"18":{"start":{"line":117,"column":4},"end":{"line":117,"column":null}},"19":{"start":{"line":117,"column":17},"end":{"line":117,"column":null}},"20":{"start":{"line":118,"column":4},"end":{"line":118,"column":null}},"21":{"start":{"line":131,"column":16},"end":{"line":131,"column":null}},"22":{"start":{"line":132,"column":4},"end":{"line":132,"column":null}},"23":{"start":{"line":132,"column":17},"end":{"line":132,"column":null}},"24":{"start":{"line":133,"column":4},"end":{"line":133,"column":null}},"25":{"start":{"line":138,"column":16},"end":{"line":138,"column":null}},"26":{"start":{"line":139,"column":4},"end":{"line":139,"column":null}},"27":{"start":{"line":139,"column":17},"end":{"line":139,"column":null}},"28":{"start":{"line":140,"column":4},"end":{"line":140,"column":null}},"29":{"start":{"line":152,"column":15},"end":{"line":152,"column":null}},"30":{"start":{"line":154,"column":4},"end":{"line":157,"column":null}},"31":{"start":{"line":155,"column":21},"end":{"line":155,"column":null}},"32":{"start":{"line":156,"column":8},"end":{"line":156,"column":null}},"33":{"start":{"line":159,"column":4},"end":{"line":163,"column":null}},"34":{"start":{"line":160,"column":21},"end":{"line":160,"column":null}},"35":{"start":{"line":161,"column":8},"end":{"line":161,"column":null}},"36":{"start":{"line":162,"column":8},"end":{"line":162,"column":null}},"37":{"start":{"line":165,"column":4},"end":{"line":173,"column":null}},"38":{"start":{"line":166,"column":21},"end":{"line":166,"column":null}},"39":{"start":{"line":167,"column":8},"end":{"line":171,"column":null}},"40":{"start":{"line":168,"column":12},"end":{"line":168,"column":null}},"41":{"start":{"line":170,"column":12},"end":{"line":170,"column":null}},"42":{"start":{"line":172,"column":8},"end":{"line":172,"column":null}},"43":{"start":{"line":175,"column":4},"end":{"line":183,"column":null}},"44":{"start":{"line":176,"column":8},"end":{"line":181,"column":null}},"45":{"start":{"line":177,"column":25},"end":{"line":177,"column":null}},"46":{"start":{"line":178,"column":12},"end":{"line":178,"column":null}},"47":{"start":{"line":180,"column":12},"end":{"line":180,"column":null}},"48":{"start":{"line":182,"column":8},"end":{"line":182,"column":null}},"49":{"start":{"line":185,"column":4},"end":{"line":185,"column":null}}},"fnMap":{"0":{"name":"startChat","decl":{"start":{"line":75,"column":22},"end":{"line":75,"column":32}},"loc":{"start":{"line":75,"column":72},"end":{"line":83,"column":null}},"line":75},"1":{"name":"getThread","decl":{"start":{"line":86,"column":22},"end":{"line":86,"column":32}},"loc":{"start":{"line":86,"column":72},"end":{"line":90,"column":null}},"line":86},"2":{"name":"approveAction","decl":{"start":{"line":93,"column":22},"end":{"line":93,"column":null}},"loc":{"start":{"line":97,"column":29},"end":{"line":105,"column":null}},"line":97},"3":{"name":"getMetrics","decl":{"start":{"line":108,"column":22},"end":{"line":108,"column":53}},"loc":{"start":{"line":108,"column":53},"end":{"line":112,"column":null}},"line":108},"4":{"name":"clearCache","decl":{"start":{"line":115,"column":22},"end":{"line":115,"column":86}},"loc":{"start":{"line":115,"column":86},"end":{"line":119,"column":null}},"line":115},"5":{"name":"getDbStatus","decl":{"start":{"line":130,"column":22},"end":{"line":130,"column":55}},"loc":{"start":{"line":130,"column":55},"end":{"line":134,"column":null}},"line":130},"6":{"name":"getTableData","decl":{"start":{"line":137,"column":22},"end":{"line":137,"column":35}},"loc":{"start":{"line":137,"column":111},"end":{"line":141,"column":null}},"line":137},"7":{"name":"connectSSE","decl":{"start":{"line":144,"column":16},"end":{"line":144,"column":null}},"loc":{"start":{"line":151,"column":15},"end":{"line":186,"column":null}},"line":151},"8":{"name":"(anonymous_8)","decl":{"start":{"line":154,"column":35},"end":{"line":154,"column":36}},"loc":{"start":{"line":154,"column":42},"end":{"line":157,"column":5}},"line":154},"9":{"name":"(anonymous_9)","decl":{"start":{"line":159,"column":45},"end":{"line":159,"column":46}},"loc":{"start":{"line":159,"column":52},"end":{"line":163,"column":5}},"line":159},"10":{"name":"(anonymous_10)","decl":{"start":{"line":165,"column":37},"end":{"line":165,"column":38}},"loc":{"start":{"line":165,"column":44},"end":{"line":173,"column":5}},"line":165},"11":{"name":"(anonymous_11)","decl":{"start":{"line":175,"column":33},"end":{"line":175,"column":34}},"loc":{"start":{"line":175,"column":40},"end":{"line":183,"column":5}},"line":175}},"branchMap":{"0":{"loc":{"start":{"line":5,"column":16},"end":{"line":5,"column":null}},"type":"binary-expr","locations":[{"start":{"line":5,"column":16},"end":{"line":5,"column":51}},{"start":{"line":5,"column":51},"end":{"line":5,"column":null}}],"line":5},"1":{"loc":{"start":{"line":81,"column":4},"end":{"line":81,"column":null}},"type":"if","locations":[{"start":{"line":81,"column":4},"end":{"line":81,"column":null}},{"start":{},"end":{}}],"line":81},"2":{"loc":{"start":{"line":88,"column":4},"end":{"line":88,"column":null}},"type":"if","locations":[{"start":{"line":88,"column":4},"end":{"line":88,"column":null}},{"start":{},"end":{}}],"line":88},"3":{"loc":{"start":{"line":96,"column":4},"end":{"line":96,"column":null}},"type":"default-arg","locations":[{"start":{"line":96,"column":21},"end":{"line":96,"column":null}}],"line":96},"4":{"loc":{"start":{"line":103,"column":4},"end":{"line":103,"column":null}},"type":"if","locations":[{"start":{"line":103,"column":4},"end":{"line":103,"column":null}},{"start":{},"end":{}}],"line":103},"5":{"loc":{"start":{"line":110,"column":4},"end":{"line":110,"column":null}},"type":"if","locations":[{"start":{"line":110,"column":4},"end":{"line":110,"column":null}},{"start":{},"end":{}}],"line":110},"6":{"loc":{"start":{"line":117,"column":4},"end":{"line":117,"column":null}},"type":"if","locations":[{"start":{"line":117,"column":4},"end":{"line":117,"column":null}},{"start":{},"end":{}}],"line":117},"7":{"loc":{"start":{"line":132,"column":4},"end":{"line":132,"column":null}},"type":"if","locations":[{"start":{"line":132,"column":4},"end":{"line":132,"column":null}},{"start":{},"end":{}}],"line":132},"8":{"loc":{"start":{"line":139,"column":4},"end":{"line":139,"column":null}},"type":"if","locations":[{"start":{"line":139,"column":4},"end":{"line":139,"column":null}},{"start":{},"end":{}}],"line":139},"9":{"loc":{"start":{"line":167,"column":8},"end":{"line":171,"column":null}},"type":"if","locations":[{"start":{"line":167,"column":8},"end":{"line":171,"column":null}},{"start":{"line":169,"column":15},"end":{"line":171,"column":null}}],"line":167},"10":{"loc":{"start":{"line":167,"column":12},"end":{"line":167,"column":97}},"type":"binary-expr","locations":[{"start":{"line":167,"column":12},"end":{"line":167,"column":40}},{"start":{"line":167,"column":40},"end":{"line":167,"column":79}},{"start":{"line":167,"column":79},"end":{"line":167,"column":97}}],"line":167},"11":{"loc":{"start":{"line":176,"column":8},"end":{"line":181,"column":null}},"type":"if","locations":[{"start":{"line":176,"column":8},"end":{"line":181,"column":null}},{"start":{"line":179,"column":15},"end":{"line":181,"column":null}}],"line":176}},"s":{"0":2,"1":2,"2":2,"3":1,"4":1,"5":2,"6":2,"7":1,"8":1,"9":3,"10":3,"11":1,"12":2,"13":2,"14":2,"15":1,"16":1,"17":2,"18":2,"19":1,"20":1,"21":2,"22":2,"23":1,"24":1,"25":2,"26":2,"27":1,"28":1,"29":5,"30":5,"31":1,"32":1,"33":5,"34":1,"35":1,"36":1,"37":5,"38":3,"39":3,"40":1,"41":2,"42":3,"43":5,"44":2,"45":1,"46":1,"47":1,"48":2,"49":5},"f":{"0":2,"1":2,"2":3,"3":2,"4":2,"5":2,"6":2,"7":5,"8":1,"9":1,"10":3,"11":2},"b":{"0":[2,2],"1":[1,1],"2":[1,1],"3":[3],"4":[1,2],"5":[1,1],"6":[1,1],"7":[1,1],"8":[1,1],"9":[1,2],"10":[3,3,2],"11":[1,1]},"meta":{"lastBranch":12,"lastFunction":12,"lastStatement":50,"seen":{"s:5:16:5:Infinity":0,"b:5:16:5:51:5:51:5:Infinity":0,"f:75:22:75:32":0,"s:76:16:80:Infinity":1,"b:81:4:81:Infinity:undefined:undefined:undefined:undefined":1,"s:81:4:81:Infinity":2,"s:81:17:81:Infinity":3,"s:82:4:82:Infinity":4,"f:86:22:86:32":1,"s:87:16:87:Infinity":5,"b:88:4:88:Infinity:undefined:undefined:undefined:undefined":2,"s:88:4:88:Infinity":6,"s:88:17:88:Infinity":7,"s:89:4:89:Infinity":8,"f:93:22:93:Infinity":2,"b:96:21:96:Infinity":3,"s:98:16:102:Infinity":9,"b:103:4:103:Infinity:undefined:undefined:undefined:undefined":4,"s:103:4:103:Infinity":10,"s:103:17:103:Infinity":11,"s:104:4:104:Infinity":12,"f:108:22:108:53":3,"s:109:16:109:Infinity":13,"b:110:4:110:Infinity:undefined:undefined:undefined:undefined":5,"s:110:4:110:Infinity":14,"s:110:17:110:Infinity":15,"s:111:4:111:Infinity":16,"f:115:22:115:86":4,"s:116:16:116:Infinity":17,"b:117:4:117:Infinity:undefined:undefined:undefined:undefined":6,"s:117:4:117:Infinity":18,"s:117:17:117:Infinity":19,"s:118:4:118:Infinity":20,"f:130:22:130:55":5,"s:131:16:131:Infinity":21,"b:132:4:132:Infinity:undefined:undefined:undefined:undefined":7,"s:132:4:132:Infinity":22,"s:132:17:132:Infinity":23,"s:133:4:133:Infinity":24,"f:137:22:137:35":6,"s:138:16:138:Infinity":25,"b:139:4:139:Infinity:undefined:undefined:undefined:undefined":8,"s:139:4:139:Infinity":26,"s:139:17:139:Infinity":27,"s:140:4:140:Infinity":28,"f:144:16:144:Infinity":7,"s:152:15:152:Infinity":29,"s:154:4:157:Infinity":30,"f:154:35:154:36":8,"s:155:21:155:Infinity":31,"s:156:8:156:Infinity":32,"s:159:4:163:Infinity":33,"f:159:45:159:46":9,"s:160:21:160:Infinity":34,"s:161:8:161:Infinity":35,"s:162:8:162:Infinity":36,"s:165:4:173:Infinity":37,"f:165:37:165:38":10,"s:166:21:166:Infinity":38,"b:167:8:171:Infinity:169:15:171:Infinity":9,"s:167:8:171:Infinity":39,"b:167:12:167:40:167:40:167:79:167:79:167:97":10,"s:168:12:168:Infinity":40,"s:170:12:170:Infinity":41,"s:172:8:172:Infinity":42,"s:175:4:183:Infinity":43,"f:175:33:175:34":11,"b:176:8:181:Infinity:179:15:181:Infinity":11,"s:176:8:181:Infinity":44,"s:177:25:177:Infinity":45,"s:178:12:178:Infinity":46,"s:180:12:180:Infinity":47,"s:182:8:182:Infinity":48,"s:185:4:185:Infinity":49}}}
}
